

Microchip MPLAB XC8 Assembler V2.46 build 20240104201356 
                                                                                               Sun Mar 03 21:48:37 2024

Microchip MPLAB XC8 C Compiler v2.46 (Free license) build 20240104201356 Og1 
     1                           	processor	18F4431
     2                           	fnconf	rparam,??,?,0
     3                           	pagewidth 120
     4                           	opt	flic
     5                           	psect	idataCOMRAM,global,class=CODE,delta=1,noexec
     6                           	psect	cinit,global,reloc=2,class=CODE,delta=1
     7                           	psect	bssCOMRAM,global,class=COMRAM,space=1,delta=1,lowdata,noexec
     8                           	psect	dataCOMRAM,global,class=COMRAM,space=1,delta=1,lowdata,noexec
     9                           	psect	cstackCOMRAM,global,class=COMRAM,space=1,delta=1,lowdata,noexec
    10                           	psect	text0,global,reloc=2,class=CODE,delta=1
    11                           	psect	text1,global,reloc=2,class=CODE,delta=1,group=1
    12                           	psect	text2,global,reloc=2,class=CODE,delta=1,group=1
    13                           	psect	smallconst,global,reloc=2,class=SMALLCONST,delta=1,noexec
    14                           	psect	intsave_regs,global,class=BIGRAM,space=1,delta=1,noexec
    15                           	psect	rparam,global,class=COMRAM,space=1,delta=1,noexec
    16                           	psect	config,global,abs,ovrld,class=CONFIG,space=4,delta=1,noexec
    17   000000                     
    18                           ; Generated 17/10/2023 GMT
    19                           ; 
    20                           ; Copyright © 2023, Microchip Technology Inc. and its subsidiaries ("Microchip")
    21                           ; All rights reserved.
    22                           ; 
    23                           ; This software is developed by Microchip Technology Inc. and its subsidiaries ("Microch
      +                          ip").
    24                           ; 
    25                           ; Redistribution and use in source and binary forms, with or without modification, are
    26                           ; permitted provided that the following conditions are met:
    27                           ; 
    28                           ;     1. Redistributions of source code must retain the above copyright notice, this lis
      +                          t of
    29                           ;        conditions and the following disclaimer.
    30                           ; 
    31                           ;     2. Redistributions in binary form must reproduce the above copyright notice, this 
      +                          list
    32                           ;        of conditions and the following disclaimer in the documentation and/or other
    33                           ;        materials provided with the distribution. Publication is not required when
    34                           ;        this file is used in an embedded application.
    35                           ; 
    36                           ;     3. Microchip's name may not be used to endorse or promote products derived from th
      +                          is
    37                           ;        software without specific prior written permission.
    38                           ; 
    39                           ; THIS SOFTWARE IS PROVIDED BY MICROCHIP "AS IS" AND ANY EXPRESS OR IMPLIED WARRANTIES,
    40                           ; INCLUDING, BUT NOT LIMITED TO, THE IMPLIED WARRANTIES OF MERCHANTABILITY AND FITNESS F
      +                          OR
    41                           ; PURPOSE ARE DISCLAIMED.  IN NO EVENT SHALL MICROCHIP BE LIABLE FOR ANY DIRECT, INDIREC
      +                          T,
    42                           ; INCIDENTAL, SPECIAL, EXEMPLARY, OR CONSEQUENTIAL DAMAGES (INCLUDING BUT NOT LIMITED TO
    43                           ; PROCUREMENT OF SUBSTITUTE GOODS OR SERVICES; LOSS OF USE, DATA OR PROFITS; OR BUSINESS
    44                           ; INTERRUPTION) HOWSOEVER CAUSED AND ON ANY THEORY OF LIABILITY, WHETHER IN CONTRACT, ST
      +                          RICT
    45                           ; LIABILITY, OR TORT (INCLUDING NEGLIGENCE OR OTHERWISE) ARISING IN ANY WAY OUT OF THE U
      +                          SE OF
    46                           ; THIS SOFTWARE, EVEN IF ADVISED OF THE POSSIBILITY OF SUCH DAMAGE.
    47                           ; 
    48                           ; 
    49                           ; Code-generator required, PIC18F4431 Definitions
    50                           ; 
    51                           ; SFR Addresses
    52   000000                     
    53                           	psect	idataCOMRAM
    54   00055A                     __pidataCOMRAM:
    55                           	callstack 0
    56                           
    57                           ;initializer for _symbol
    58   00055A  3F                 	db	63
    59   00055B  06                 	db	6
    60   00055C  5B                 	db	91
    61   00055D  4F                 	db	79
    62   00055E  66                 	db	102
    63   00055F  6D                 	db	109
    64   000560  7D                 	db	125
    65   000561  07                 	db	7
    66   000562  7F                 	db	127
    67   000563  6F                 	db	111
    68   000564  FF                 	db	255
    69   000000                     _PORTB	set	3969
    70   000000                     _PORTDbits	set	3971
    71   000000                     _TRISB	set	3987
    72   000000                     _TRISD	set	3989
    73                           
    74                           ; #config settings
    75                           
    76                           	psect	cinit
    77   000530                     __pcinit:
    78                           	callstack 0
    79   000530                     start_initialization:
    80                           	callstack 0
    81   000530                     __initialization:
    82                           	callstack 0
    83                           
    84                           ; Initialize objects allocated to COMRAM (11 bytes)
    85                           ; load TBLPTR registers with __pidataCOMRAM
    86   000530  0E5A               	movlw	low __pidataCOMRAM
    87   000532  6EF6               	movwf	tblptrl,c
    88   000534  0E05               	movlw	high __pidataCOMRAM
    89   000536  6EF7               	movwf	tblptrh,c
    90   000538  0E00               	movlw	low (__pidataCOMRAM shr (0+16))
    91   00053A  6EF8               	movwf	tblptru,c
    92   00053C  EE00  F001         	lfsr	0,__pdataCOMRAM
    93   000540  EE10 F00B          	lfsr	1,11
    94   000544                     copy_data0:
    95   000544  0009               	tblrd		*+
    96   000546  CFF5 FFEE          	movff	tablat,postinc0
    97   00054A  50E5               	movf	postdec1,w,c
    98   00054C  50E1               	movf	fsr1l,w,c
    99   00054E  E1FA               	bnz	copy_data0
   100                           
   101                           ; Clear objects allocated to COMRAM (2 bytes)
   102   000550  6A17               	clrf	(__pbssCOMRAM+1)& (0+255),c
   103   000552  6A16               	clrf	__pbssCOMRAM& (0+255),c
   104   000554                     end_of_initialization:
   105                           	callstack 0
   106   000554                     __end_of__initialization:
   107                           	callstack 0
   108   000554  0100               	movlb	0
   109   000556  EFE3  F001         	goto	_main	;jump to C main() function
   110                           
   111                           	psect	bssCOMRAM
   112   000016                     __pbssCOMRAM:
   113                           	callstack 0
   114   000016                     _timer1:
   115                           	callstack 0
   116   000016                     	ds	1
   117   000017                     _count1:
   118                           	callstack 0
   119   000017                     	ds	1
   120                           
   121                           	psect	dataCOMRAM
   122   000001                     __pdataCOMRAM:
   123                           	callstack 0
   124   000001                     _symbol:
   125                           	callstack 0
   126   000001                     	ds	11
   127                           
   128                           	psect	cstackCOMRAM
   129   00000C                     __pcstackCOMRAM:
   130                           	callstack 0
   131   00000C                     ?___awdiv:
   132                           	callstack 0
   133   00000C                     ?___awmod:
   134                           	callstack 0
   135   00000C                     ___awdiv@dividend:
   136                           	callstack 0
   137   00000C                     ___awmod@dividend:
   138                           	callstack 0
   139                           
   140                           ; 2 bytes @ 0x0
   141   00000C                     	ds	2
   142   00000E                     ___awdiv@divisor:
   143                           	callstack 0
   144   00000E                     ___awmod@divisor:
   145                           	callstack 0
   146                           
   147                           ; 2 bytes @ 0x2
   148   00000E                     	ds	2
   149   000010                     ___awdiv@counter:
   150                           	callstack 0
   151   000010                     ___awmod@counter:
   152                           	callstack 0
   153                           
   154                           ; 1 bytes @ 0x4
   155   000010                     	ds	1
   156   000011                     ___awdiv@sign:
   157                           	callstack 0
   158   000011                     ___awmod@sign:
   159                           	callstack 0
   160                           
   161                           ; 1 bytes @ 0x5
   162   000011                     	ds	1
   163   000012                     ___awdiv@quotient:
   164                           	callstack 0
   165                           
   166                           ; 2 bytes @ 0x6
   167   000012                     	ds	2
   168   000014                     ??_main:
   169                           
   170                           ; 1 bytes @ 0x8
   171   000014                     	ds	1
   172   000015                     main@timer2:
   173                           	callstack 0
   174                           
   175                           ; 1 bytes @ 0x9
   176   000015                     	ds	1
   177                           
   178 ;;
   179 ;;Main: autosize = 0, tempsize = 1, incstack = 0, save=0
   180 ;;
   181 ;; *************** function _main *****************
   182 ;; Defined at:
   183 ;;		line 110 in file "main.c"
   184 ;; Parameters:    Size  Location     Type
   185 ;;		None
   186 ;; Auto vars:     Size  Location     Type
   187 ;;  timer2          1    9[COMRAM] unsigned char 
   188 ;; Return value:  Size  Location     Type
   189 ;;                  1    wreg      void 
   190 ;; Registers used:
   191 ;;		wreg, fsr2l, fsr2h, status,2, status,0, cstack
   192 ;; Tracked objects:
   193 ;;		On entry : 0/0
   194 ;;		On exit  : 0/0
   195 ;;		Unchanged: 0/0
   196 ;; Data sizes:     COMRAM   BANK0   BANK1   BANK2
   197 ;;      Params:         0       0       0       0
   198 ;;      Locals:         1       0       0       0
   199 ;;      Temps:          1       0       0       0
   200 ;;      Totals:         2       0       0       0
   201 ;;Total ram usage:        2 bytes
   202 ;; Hardware stack levels required when called: 1
   203 ;; This function calls:
   204 ;;		___awdiv
   205 ;;		___awmod
   206 ;; This function is called by:
   207 ;;		Startup code after reset
   208 ;; This function uses a non-reentrant model
   209 ;;
   210                           
   211                           	psect	text0
   212   0003C6                     __ptext0:
   213                           	callstack 0
   214   0003C6                     _main:
   215                           	callstack 30
   216   0003C6                     
   217                           ;main.c: 115:     TRISB = 0;
   218   0003C6  0E00               	movlw	0
   219   0003C8  6E93               	movwf	147,c	;volatile
   220                           
   221                           ;main.c: 116:     TRISD = 0;
   222   0003CA  0E00               	movlw	0
   223   0003CC  6E95               	movwf	149,c	;volatile
   224   0003CE                     l898:
   225                           
   226                           ;main.c: 118:     {;main.c: 125:         count1++;
   227   0003CE  2A17               	incf	_count1^0,f,c
   228   0003D0                     
   229                           ;main.c: 126:         if(count1 == 24)
   230   0003D0  0E18               	movlw	24
   231   0003D2  1817               	xorwf	_count1^0,w,c
   232   0003D4  A4D8               	btfss	status,2,c
   233   0003D6  EFEF  F001         	goto	u271
   234   0003DA  EFF1  F001         	goto	u270
   235   0003DE                     u271:
   236   0003DE  EFFF  F001         	goto	l910
   237   0003E2                     u270:
   238   0003E2                     
   239                           ;main.c: 127:         {;main.c: 128:             count1 = 0;
   240   0003E2  0E00               	movlw	0
   241   0003E4  6E17               	movwf	_count1^0,c
   242   0003E6                     
   243                           ;main.c: 129:             timer1 ++;
   244   0003E6  2A16               	incf	_timer1^0,f,c
   245   0003E8                     
   246                           ;main.c: 130:             if(timer1 == 100) timer1 = 0;
   247   0003E8  0E64               	movlw	100
   248   0003EA  1816               	xorwf	_timer1^0,w,c
   249   0003EC  A4D8               	btfss	status,2,c
   250   0003EE  EFFB  F001         	goto	u281
   251   0003F2  EFFD  F001         	goto	u280
   252   0003F6                     u281:
   253   0003F6  EFFF  F001         	goto	l910
   254   0003FA                     u280:
   255   0003FA  0E00               	movlw	0
   256   0003FC  6E16               	movwf	_timer1^0,c
   257   0003FE                     l910:
   258                           
   259                           ;main.c: 132:         timer2 = timer1;
   260   0003FE  C016  F015         	movff	_timer1,main@timer2
   261   000402                     
   262                           ;main.c: 134:         PORTDbits.RD1 = 1;
   263   000402  8283               	bsf	131,1,c	;volatile
   264   000404                     
   265                           ;main.c: 135:         PORTDbits.RD2 = 0;
   266   000404  9483               	bcf	131,2,c	;volatile
   267   000406                     
   268                           ;main.c: 136:         PORTB = symbol[timer2%10];
   269   000406  C015  F00C         	movff	main@timer2,___awmod@dividend
   270   00040A  6A0D               	clrf	(___awmod@dividend+1)^0,c
   271   00040C  0E00               	movlw	0
   272   00040E  6E0F               	movwf	(___awmod@divisor+1)^0,c
   273   000410  0E0A               	movlw	10
   274   000412  6E0E               	movwf	___awmod@divisor^0,c
   275   000414  EC40  F002         	call	___awmod	;wreg free
   276   000418  500C               	movf	?___awmod^0,w,c
   277   00041A  0F01               	addlw	low _symbol
   278   00041C  6ED9               	movwf	fsr2l,c
   279   00041E  6ADA               	clrf	fsr2h,c
   280   000420  50DF               	movf	indf2,w,c
   281   000422  6E81               	movwf	129,c	;volatile
   282   000424                     
   283                           ;main.c: 137:         _delay((unsigned long)((5)*(8000000/4000.0)));
   284   000424  0E0D               	movlw	13
   285   000426  6E14               	movwf	??_main^0,c
   286   000428  0EFC               	movlw	252
   287   00042A                     u297:
   288   00042A  2EE8               	decfsz	wreg,f,c
   289   00042C  D7FE               	bra	u297
   290   00042E  2E14               	decfsz	??_main^0,f,c
   291   000430  D7FC               	bra	u297
   292   000432                     
   293                           ;main.c: 139:         timer2 = timer2 / 10;
   294   000432  C015  F00C         	movff	main@timer2,___awdiv@dividend
   295   000436  6A0D               	clrf	(___awdiv@dividend+1)^0,c
   296   000438  0E00               	movlw	0
   297   00043A  6E0F               	movwf	(___awdiv@divisor+1)^0,c
   298   00043C  0E0A               	movlw	10
   299   00043E  6E0E               	movwf	___awdiv@divisor^0,c
   300   000440  EC81  F001         	call	___awdiv	;wreg free
   301   000444  500C               	movf	?___awdiv^0,w,c
   302   000446  6E15               	movwf	main@timer2^0,c
   303   000448                     
   304                           ;main.c: 140:         PORTDbits.RD1 = 0;
   305   000448  9283               	bcf	131,1,c	;volatile
   306   00044A                     
   307                           ;main.c: 141:         PORTDbits.RD2 = 1;
   308   00044A  8483               	bsf	131,2,c	;volatile
   309   00044C                     
   310                           ;main.c: 142:         PORTB = symbol[timer2%10];
   311   00044C  C015  F00C         	movff	main@timer2,___awmod@dividend
   312   000450  6A0D               	clrf	(___awmod@dividend+1)^0,c
   313   000452  0E00               	movlw	0
   314   000454  6E0F               	movwf	(___awmod@divisor+1)^0,c
   315   000456  0E0A               	movlw	10
   316   000458  6E0E               	movwf	___awmod@divisor^0,c
   317   00045A  EC40  F002         	call	___awmod	;wreg free
   318   00045E  500C               	movf	?___awmod^0,w,c
   319   000460  0F01               	addlw	low _symbol
   320   000462  6ED9               	movwf	fsr2l,c
   321   000464  6ADA               	clrf	fsr2h,c
   322   000466  50DF               	movf	indf2,w,c
   323   000468  6E81               	movwf	129,c	;volatile
   324   00046A                     
   325                           ;main.c: 143:         _delay((unsigned long)((5)*(8000000/4000.0)));
   326   00046A  0E0D               	movlw	13
   327   00046C  6E14               	movwf	??_main^0,c
   328   00046E  0EFC               	movlw	252
   329   000470                     u307:
   330   000470  2EE8               	decfsz	wreg,f,c
   331   000472  D7FE               	bra	u307
   332   000474  2E14               	decfsz	??_main^0,f,c
   333   000476  D7FC               	bra	u307
   334   000478  EFE7  F001         	goto	l898
   335   00047C  EF00  F000         	goto	start
   336   000480                     __end_of_main:
   337                           	callstack 0
   338                           
   339 ;; *************** function ___awmod *****************
   340 ;; Defined at:
   341 ;;		line 7 in file "C:\Program Files\Microchip\xc8\v2.46\pic\sources\c99\common\awmod.c"
   342 ;; Parameters:    Size  Location     Type
   343 ;;  dividend        2    0[COMRAM] int 
   344 ;;  divisor         2    2[COMRAM] int 
   345 ;; Auto vars:     Size  Location     Type
   346 ;;  sign            1    5[COMRAM] unsigned char 
   347 ;;  counter         1    4[COMRAM] unsigned char 
   348 ;; Return value:  Size  Location     Type
   349 ;;                  2    0[COMRAM] int 
   350 ;; Registers used:
   351 ;;		wreg, status,2, status,0
   352 ;; Tracked objects:
   353 ;;		On entry : 0/0
   354 ;;		On exit  : 0/0
   355 ;;		Unchanged: 0/0
   356 ;; Data sizes:     COMRAM   BANK0   BANK1   BANK2
   357 ;;      Params:         4       0       0       0
   358 ;;      Locals:         2       0       0       0
   359 ;;      Temps:          0       0       0       0
   360 ;;      Totals:         6       0       0       0
   361 ;;Total ram usage:        6 bytes
   362 ;; Hardware stack levels used: 1
   363 ;; This function calls:
   364 ;;		Nothing
   365 ;; This function is called by:
   366 ;;		_main
   367 ;; This function uses a non-reentrant model
   368 ;;
   369                           
   370                           	psect	text1
   371   000480                     __ptext1:
   372                           	callstack 0
   373   000480                     ___awmod:
   374                           	callstack 30
   375   000480  0E00               	movlw	0
   376   000482  6E11               	movwf	___awmod@sign^0,c
   377   000484  BE0D               	btfsc	(___awmod@dividend+1)^0,7,c
   378   000486  EF49  F002         	goto	u210
   379   00048A  EF47  F002         	goto	u211
   380   00048E                     u211:
   381   00048E  EF4F  F002         	goto	l868
   382   000492                     u210:
   383   000492  6C0C               	negf	___awmod@dividend^0,c
   384   000494  1E0D               	comf	(___awmod@dividend+1)^0,f,c
   385   000496  B0D8               	btfsc	status,0,c
   386   000498  2A0D               	incf	(___awmod@dividend+1)^0,f,c
   387   00049A  0E01               	movlw	1
   388   00049C  6E11               	movwf	___awmod@sign^0,c
   389   00049E                     l868:
   390   00049E  BE0F               	btfsc	(___awmod@divisor+1)^0,7,c
   391   0004A0  EF56  F002         	goto	u220
   392   0004A4  EF54  F002         	goto	u221
   393   0004A8                     u221:
   394   0004A8  EF5A  F002         	goto	l872
   395   0004AC                     u220:
   396   0004AC  6C0E               	negf	___awmod@divisor^0,c
   397   0004AE  1E0F               	comf	(___awmod@divisor+1)^0,f,c
   398   0004B0  B0D8               	btfsc	status,0,c
   399   0004B2  2A0F               	incf	(___awmod@divisor+1)^0,f,c
   400   0004B4                     l872:
   401   0004B4  500E               	movf	___awmod@divisor^0,w,c
   402   0004B6  100F               	iorwf	(___awmod@divisor+1)^0,w,c
   403   0004B8  B4D8               	btfsc	status,2,c
   404   0004BA  EF61  F002         	goto	u231
   405   0004BE  EF63  F002         	goto	u230
   406   0004C2                     u231:
   407   0004C2  EF87  F002         	goto	l888
   408   0004C6                     u230:
   409   0004C6  0E01               	movlw	1
   410   0004C8  6E10               	movwf	___awmod@counter^0,c
   411   0004CA  EF6B  F002         	goto	l878
   412   0004CE                     l876:
   413   0004CE  90D8               	bcf	status,0,c
   414   0004D0  360E               	rlcf	___awmod@divisor^0,f,c
   415   0004D2  360F               	rlcf	(___awmod@divisor+1)^0,f,c
   416   0004D4  2A10               	incf	___awmod@counter^0,f,c
   417   0004D6                     l878:
   418   0004D6  AE0F               	btfss	(___awmod@divisor+1)^0,7,c
   419   0004D8  EF70  F002         	goto	u241
   420   0004DC  EF72  F002         	goto	u240
   421   0004E0                     u241:
   422   0004E0  EF67  F002         	goto	l876
   423   0004E4                     u240:
   424   0004E4                     l880:
   425   0004E4  500E               	movf	___awmod@divisor^0,w,c
   426   0004E6  5C0C               	subwf	___awmod@dividend^0,w,c
   427   0004E8  500F               	movf	(___awmod@divisor+1)^0,w,c
   428   0004EA  580D               	subwfb	(___awmod@dividend+1)^0,w,c
   429   0004EC  A0D8               	btfss	status,0,c
   430   0004EE  EF7B  F002         	goto	u251
   431   0004F2  EF7D  F002         	goto	u250
   432   0004F6                     u251:
   433   0004F6  EF81  F002         	goto	l884
   434   0004FA                     u250:
   435   0004FA  500E               	movf	___awmod@divisor^0,w,c
   436   0004FC  5E0C               	subwf	___awmod@dividend^0,f,c
   437   0004FE  500F               	movf	(___awmod@divisor+1)^0,w,c
   438   000500  5A0D               	subwfb	(___awmod@dividend+1)^0,f,c
   439   000502                     l884:
   440   000502  90D8               	bcf	status,0,c
   441   000504  320F               	rrcf	(___awmod@divisor+1)^0,f,c
   442   000506  320E               	rrcf	___awmod@divisor^0,f,c
   443   000508  2E10               	decfsz	___awmod@counter^0,f,c
   444   00050A  EF72  F002         	goto	l880
   445   00050E                     l888:
   446   00050E  5011               	movf	___awmod@sign^0,w,c
   447   000510  B4D8               	btfsc	status,2,c
   448   000512  EF8D  F002         	goto	u261
   449   000516  EF8F  F002         	goto	u260
   450   00051A                     u261:
   451   00051A  EF93  F002         	goto	l892
   452   00051E                     u260:
   453   00051E  6C0C               	negf	___awmod@dividend^0,c
   454   000520  1E0D               	comf	(___awmod@dividend+1)^0,f,c
   455   000522  B0D8               	btfsc	status,0,c
   456   000524  2A0D               	incf	(___awmod@dividend+1)^0,f,c
   457   000526                     l892:
   458   000526  C00C  F00C         	movff	___awmod@dividend,?___awmod
   459   00052A  C00D  F00D         	movff	___awmod@dividend+1,?___awmod+1
   460   00052E  0012               	return		;funcret
   461   000530                     __end_of___awmod:
   462                           	callstack 0
   463                           
   464 ;; *************** function ___awdiv *****************
   465 ;; Defined at:
   466 ;;		line 7 in file "C:\Program Files\Microchip\xc8\v2.46\pic\sources\c99\common\awdiv.c"
   467 ;; Parameters:    Size  Location     Type
   468 ;;  dividend        2    0[COMRAM] int 
   469 ;;  divisor         2    2[COMRAM] int 
   470 ;; Auto vars:     Size  Location     Type
   471 ;;  quotient        2    6[COMRAM] int 
   472 ;;  sign            1    5[COMRAM] unsigned char 
   473 ;;  counter         1    4[COMRAM] unsigned char 
   474 ;; Return value:  Size  Location     Type
   475 ;;                  2    0[COMRAM] int 
   476 ;; Registers used:
   477 ;;		wreg, status,2, status,0
   478 ;; Tracked objects:
   479 ;;		On entry : 0/0
   480 ;;		On exit  : 0/0
   481 ;;		Unchanged: 0/0
   482 ;; Data sizes:     COMRAM   BANK0   BANK1   BANK2
   483 ;;      Params:         4       0       0       0
   484 ;;      Locals:         4       0       0       0
   485 ;;      Temps:          0       0       0       0
   486 ;;      Totals:         8       0       0       0
   487 ;;Total ram usage:        8 bytes
   488 ;; Hardware stack levels used: 1
   489 ;; This function calls:
   490 ;;		Nothing
   491 ;; This function is called by:
   492 ;;		_main
   493 ;; This function uses a non-reentrant model
   494 ;;
   495                           
   496                           	psect	text2
   497   000302                     __ptext2:
   498                           	callstack 0
   499   000302                     ___awdiv:
   500                           	callstack 30
   501   000302  0E00               	movlw	0
   502   000304  6E11               	movwf	___awdiv@sign^0,c
   503   000306  BE0F               	btfsc	(___awdiv@divisor+1)^0,7,c
   504   000308  EF8A  F001         	goto	u150
   505   00030C  EF88  F001         	goto	u151
   506   000310                     u151:
   507   000310  EF90  F001         	goto	l824
   508   000314                     u150:
   509   000314  6C0E               	negf	___awdiv@divisor^0,c
   510   000316  1E0F               	comf	(___awdiv@divisor+1)^0,f,c
   511   000318  B0D8               	btfsc	status,0,c
   512   00031A  2A0F               	incf	(___awdiv@divisor+1)^0,f,c
   513   00031C  0E01               	movlw	1
   514   00031E  6E11               	movwf	___awdiv@sign^0,c
   515   000320                     l824:
   516   000320  BE0D               	btfsc	(___awdiv@dividend+1)^0,7,c
   517   000322  EF97  F001         	goto	u160
   518   000326  EF95  F001         	goto	u161
   519   00032A                     u161:
   520   00032A  EF9D  F001         	goto	l830
   521   00032E                     u160:
   522   00032E  6C0C               	negf	___awdiv@dividend^0,c
   523   000330  1E0D               	comf	(___awdiv@dividend+1)^0,f,c
   524   000332  B0D8               	btfsc	status,0,c
   525   000334  2A0D               	incf	(___awdiv@dividend+1)^0,f,c
   526   000336  0E01               	movlw	1
   527   000338  1A11               	xorwf	___awdiv@sign^0,f,c
   528   00033A                     l830:
   529   00033A  0E00               	movlw	0
   530   00033C  6E13               	movwf	(___awdiv@quotient+1)^0,c
   531   00033E  0E00               	movlw	0
   532   000340  6E12               	movwf	___awdiv@quotient^0,c
   533   000342  500E               	movf	___awdiv@divisor^0,w,c
   534   000344  100F               	iorwf	(___awdiv@divisor+1)^0,w,c
   535   000346  B4D8               	btfsc	status,2,c
   536   000348  EFA8  F001         	goto	u171
   537   00034C  EFAA  F001         	goto	u170
   538   000350                     u171:
   539   000350  EFD2  F001         	goto	l852
   540   000354                     u170:
   541   000354  0E01               	movlw	1
   542   000356  6E10               	movwf	___awdiv@counter^0,c
   543   000358  EFB2  F001         	goto	l838
   544   00035C                     l836:
   545   00035C  90D8               	bcf	status,0,c
   546   00035E  360E               	rlcf	___awdiv@divisor^0,f,c
   547   000360  360F               	rlcf	(___awdiv@divisor+1)^0,f,c
   548   000362  2A10               	incf	___awdiv@counter^0,f,c
   549   000364                     l838:
   550   000364  AE0F               	btfss	(___awdiv@divisor+1)^0,7,c
   551   000366  EFB7  F001         	goto	u181
   552   00036A  EFB9  F001         	goto	u180
   553   00036E                     u181:
   554   00036E  EFAE  F001         	goto	l836
   555   000372                     u180:
   556   000372                     l840:
   557   000372  90D8               	bcf	status,0,c
   558   000374  3612               	rlcf	___awdiv@quotient^0,f,c
   559   000376  3613               	rlcf	(___awdiv@quotient+1)^0,f,c
   560   000378  500E               	movf	___awdiv@divisor^0,w,c
   561   00037A  5C0C               	subwf	___awdiv@dividend^0,w,c
   562   00037C  500F               	movf	(___awdiv@divisor+1)^0,w,c
   563   00037E  580D               	subwfb	(___awdiv@dividend+1)^0,w,c
   564   000380  A0D8               	btfss	status,0,c
   565   000382  EFC5  F001         	goto	u191
   566   000386  EFC7  F001         	goto	u190
   567   00038A                     u191:
   568   00038A  EFCC  F001         	goto	l848
   569   00038E                     u190:
   570   00038E  500E               	movf	___awdiv@divisor^0,w,c
   571   000390  5E0C               	subwf	___awdiv@dividend^0,f,c
   572   000392  500F               	movf	(___awdiv@divisor+1)^0,w,c
   573   000394  5A0D               	subwfb	(___awdiv@dividend+1)^0,f,c
   574   000396  8012               	bsf	___awdiv@quotient^0,0,c
   575   000398                     l848:
   576   000398  90D8               	bcf	status,0,c
   577   00039A  320F               	rrcf	(___awdiv@divisor+1)^0,f,c
   578   00039C  320E               	rrcf	___awdiv@divisor^0,f,c
   579   00039E  2E10               	decfsz	___awdiv@counter^0,f,c
   580   0003A0  EFB9  F001         	goto	l840
   581   0003A4                     l852:
   582   0003A4  5011               	movf	___awdiv@sign^0,w,c
   583   0003A6  B4D8               	btfsc	status,2,c
   584   0003A8  EFD8  F001         	goto	u201
   585   0003AC  EFDA  F001         	goto	u200
   586   0003B0                     u201:
   587   0003B0  EFDE  F001         	goto	l856
   588   0003B4                     u200:
   589   0003B4  6C12               	negf	___awdiv@quotient^0,c
   590   0003B6  1E13               	comf	(___awdiv@quotient+1)^0,f,c
   591   0003B8  B0D8               	btfsc	status,0,c
   592   0003BA  2A13               	incf	(___awdiv@quotient+1)^0,f,c
   593   0003BC                     l856:
   594   0003BC  C012  F00C         	movff	___awdiv@quotient,?___awdiv
   595   0003C0  C013  F00D         	movff	___awdiv@quotient+1,?___awdiv+1
   596   0003C4  0012               	return		;funcret
   597   0003C6                     __end_of___awdiv:
   598                           	callstack 0
   599                           
   600                           	psect	smallconst
   601   000300                     __psmallconst:
   602                           	callstack 0
   603   000300  00                 	db	0
   604   000301  00                 	db	0	; dummy byte at the end
   605   000000                     
   606                           	psect	rparam
   607   000000                     
   608                           	psect	config
   609                           
   610                           ; Padding undefined space
   611   300000                     	org	3145728
   612   300000  FF                 	db	255
   613                           
   614                           ;Config register CONFIG1H @ 0x300001
   615                           ;	Oscillator Selection bits
   616                           ;	OSC = IRC, Internal oscillator block, CLKO function on RA6 and port function on RA7
   617                           ;	Fail-Safe Clock Monitor Enable bit
   618                           ;	FCMEN = ON, Fail-Safe Clock Monitor enabled
   619                           ;	Internal External Oscillator Switchover bit
   620                           ;	IESO = ON, Internal External Switchover mode enabled
   621   300001                     	org	3145729
   622   300001  C9                 	db	201
   623                           
   624                           ;Config register CONFIG2L @ 0x300002
   625                           ;	Power-up Timer Enable bit
   626                           ;	PWRTEN = OFF, PWRT disabled
   627                           ;	Brown-out Reset Enable bits
   628                           ;	BOREN = ON, Brown-out Reset enabled
   629                           ;	Brown Out Reset Voltage bits
   630                           ;	BORV = 0x3, unprogrammed default
   631   300002                     	org	3145730
   632   300002  0F                 	db	15
   633                           
   634                           ;Config register CONFIG2H @ 0x300003
   635                           ;	Watchdog Timer Enable bit
   636                           ;	WDTEN = ON, WDT enabled
   637                           ;	Watchdog Timer Postscale Select bits
   638                           ;	WDPS = 32768, 1:32768
   639                           ;	Watchdog Timer Window Enable bit
   640                           ;	WINEN = OFF, WDT window disabled
   641   300003                     	org	3145731
   642   300003  3F                 	db	63
   643                           
   644                           ;Config register CONFIG3L @ 0x300004
   645                           ;	PWM output pins Reset state control
   646                           ;	PWMPIN = OFF, PWM outputs disabled upon Reset (default)
   647                           ;	Low-Side Transistors Polarity
   648                           ;	LPOL = HIGH, PWM0, 2, 4 and 6 are active-high
   649                           ;	High-Side Transistors Polarity
   650                           ;	HPOL = HIGH, PWM1, 3, 5 and 7 are active-high
   651                           ;	Timer1 Oscillator MUX
   652                           ;	T1OSCMX = ON, Low-power Timer1 operation when microcontroller is in Sleep mode
   653   300004                     	org	3145732
   654   300004  3C                 	db	60
   655                           
   656                           ;Config register CONFIG3H @ 0x300005
   657                           ;	FLTA MUX bit
   658                           ;	FLTAMX = RC1, FLTA input is multiplexed with RC1
   659                           ;	SSP I/O MUX bit
   660                           ;	SSPMX = RC7, SCK/SCL clocks and SDA/SDI data are multiplexed with RC5 and RC4, respect
      +                          ively. SDO output is multiplexed with RC7.
   661                           ;	PWM4 MUX bit
   662                           ;	PWM4MX = RB5, PWM4 output is multiplexed with RB5
   663                           ;	TMR0/T5CKI External clock MUX bit
   664                           ;	EXCLKMX = RC3, TMR0/T5CKI external clock input is multiplexed with RC3
   665                           ;	MCLR Pin Enable bit
   666                           ;	MCLRE = ON, Enabled
   667   300005                     	org	3145733
   668   300005  9D                 	db	157
   669                           
   670                           ;Config register CONFIG4L @ 0x300006
   671                           ;	Stack Full/Underflow Reset Enable bit
   672                           ;	STVREN = ON, Stack full/underflow will cause Reset
   673                           ;	Low-Voltage ICSP Enable bit
   674                           ;	LVP = ON, Low-voltage ICSP enabled
   675                           ;	Background Debugger Enable bit
   676                           ;	DEBUG = 0x1, unprogrammed default
   677   300006                     	org	3145734
   678   300006  85                 	db	133
   679                           
   680                           ; Padding undefined space
   681   300007                     	org	3145735
   682   300007  FF                 	db	255
   683                           
   684                           ;Config register CONFIG5L @ 0x300008
   685                           ;	Code Protection bit
   686                           ;	CP0 = OFF, Block 0 (000200-000FFFh) not code-protected
   687                           ;	Code Protection bit
   688                           ;	CP1 = OFF, Block 1 (001000-001FFF) not code-protected
   689                           ;	Code Protection bit
   690                           ;	CP2 = OFF, Block 2 (002000-002FFFh) not code-protected
   691                           ;	Code Protection bit
   692                           ;	CP3 = OFF, Block 3 (003000-003FFFh) not code-protected
   693   300008                     	org	3145736
   694   300008  0F                 	db	15
   695                           
   696                           ;Config register CONFIG5H @ 0x300009
   697                           ;	Boot Block Code Protection bit
   698                           ;	CPB = OFF, Boot Block (000000-0001FFh) not code-protected
   699                           ;	Data EEPROM Code Protection bit
   700                           ;	CPD = OFF, Data EEPROM not code-protected
   701   300009                     	org	3145737
   702   300009  C0                 	db	192
   703                           
   704                           ;Config register CONFIG6L @ 0x30000A
   705                           ;	Write Protection bit
   706                           ;	WRT0 = OFF, Block 0 (000200-000FFFh) not write-protected
   707                           ;	Write Protection bit
   708                           ;	WRT1 = OFF, Block 1 (001000-001FFF) not write-protected
   709                           ;	Write Protection bit
   710                           ;	WRT2 = OFF, Block 2 (002000-002FFFh) not write-protected
   711                           ;	Write Protection bit
   712                           ;	WRT3 = OFF, Block 3 (003000-003FFFh) not write-protected
   713   30000A                     	org	3145738
   714   30000A  0F                 	db	15
   715                           
   716                           ;Config register CONFIG6H @ 0x30000B
   717                           ;	Configuration Register Write Protection bit
   718                           ;	WRTC = OFF, Configuration registers (300000-3000FFh) not write-protected
   719                           ;	Boot Block Write Protection bit
   720                           ;	WRTB = OFF, Boot Block (000000-0001FFh) not write-protected
   721                           ;	Data EEPROM Write Protection bit
   722                           ;	WRTD = OFF, Data EEPROM not write-protected
   723   30000B                     	org	3145739
   724   30000B  E0                 	db	224
   725                           
   726                           ;Config register CONFIG7L @ 0x30000C
   727                           ;	Table Read Protection bit
   728                           ;	EBTR0 = OFF, Block 0 (000200-000FFFh) not protected from table reads executed in other
      +                           blocks
   729                           ;	Table Read Protection bit
   730                           ;	EBTR1 = OFF, Block 1 (001000-001FFF) not protected from table reads executed in other 
      +                          blocks
   731                           ;	Table Read Protection bit
   732                           ;	EBTR2 = OFF, Block 2 (002000-002FFFh) not protected from table reads executed in other
      +                           blocks
   733                           ;	Table Read Protection bit
   734                           ;	EBTR3 = OFF, Block 3 (003000-003FFFh) not protected from table reads executed in other
      +                           blocks
   735   30000C                     	org	3145740
   736   30000C  0F                 	db	15
   737                           
   738                           ;Config register CONFIG7H @ 0x30000D
   739                           ;	Boot Block Table Read Protection bit
   740                           ;	EBTRB = OFF, Boot Block (000000-0001FFh) not protected from table reads executed in ot
      +                          her blocks
   741   30000D                     	org	3145741
   742   30000D  40                 	db	64
   743                           tosu	equ	0xFFF
   744                           tosh	equ	0xFFE
   745                           tosl	equ	0xFFD
   746                           stkptr	equ	0xFFC
   747                           pclatu	equ	0xFFB
   748                           pclath	equ	0xFFA
   749                           pcl	equ	0xFF9
   750                           tblptru	equ	0xFF8
   751                           tblptrh	equ	0xFF7
   752                           tblptrl	equ	0xFF6
   753                           tablat	equ	0xFF5
   754                           prodh	equ	0xFF4
   755                           prodl	equ	0xFF3
   756                           indf0	equ	0xFEF
   757                           postinc0	equ	0xFEE
   758                           postdec0	equ	0xFED
   759                           preinc0	equ	0xFEC
   760                           plusw0	equ	0xFEB
   761                           fsr0h	equ	0xFEA
   762                           fsr0l	equ	0xFE9
   763                           wreg	equ	0xFE8
   764                           indf1	equ	0xFE7
   765                           postinc1	equ	0xFE6
   766                           postdec1	equ	0xFE5
   767                           preinc1	equ	0xFE4
   768                           plusw1	equ	0xFE3
   769                           fsr1h	equ	0xFE2
   770                           fsr1l	equ	0xFE1
   771                           bsr	equ	0xFE0
   772                           indf2	equ	0xFDF
   773                           postinc2	equ	0xFDE
   774                           postdec2	equ	0xFDD
   775                           preinc2	equ	0xFDC
   776                           plusw2	equ	0xFDB
   777                           fsr2h	equ	0xFDA
   778                           fsr2l	equ	0xFD9
   779                           status	equ	0xFD8

Data Sizes:
    Strings     0
    Constant    0
    Data        11
    BSS         2
    Persistent  0
    Stack       0

Auto Spaces:
    Space          Size  Autos    Used
    COMRAM           95     10      23
    BANK0           160      0       0
    BANK1           256      0       0
    BANK2           256      0       0

Pointer List with Targets:

    None.

Critical Paths under _main in COMRAM

    _main->___awdiv

Critical Paths under _main in BANK0

    None.

Critical Paths under _main in BANK1

    None.

Critical Paths under _main in BANK2

    None.

Call Graph Tables:

 ---------------------------------------------------------------------------------
 (Depth) Function   	        Calls       Base Space   Used Autos Params    Refs
 ---------------------------------------------------------------------------------
 (0) _main                                                 2     2      0    1121
                                              8 COMRAM     2     2      0
                            ___awdiv
                            ___awmod
 ---------------------------------------------------------------------------------
 (1) ___awmod                                              6     2      4     600
                                              0 COMRAM     6     2      4
 ---------------------------------------------------------------------------------
 (1) ___awdiv                                              8     4      4     452
                                              0 COMRAM     8     4      4
 ---------------------------------------------------------------------------------
 Estimated maximum stack depth 1
 ---------------------------------------------------------------------------------

 Call Graph Graphs:

 _main (ROOT)
   ___awdiv
   ___awmod

 Address spaces:
Name               Size   Autos  Total    Cost      Usage
BIGRAM             2FF      0       0      15        0.0%
EEDATA             100      0       0       0        0.0%
BITBANK2           100      0       0       7        0.0%
BANK2              100      0       0       8        0.0%
BITBANK1           100      0       0       5        0.0%
BANK1              100      0       0       6        0.0%
BITBANK0            A0      0       0       3        0.0%
BANK0               A0      0       0       4        0.0%
BITBIGSFRhh         6A      0       0       9        0.0%
BITCOMRAM           5F      0       0       0        0.0%
COMRAM              5F      A      17       1       24.2%
BITBIGSFRlll        21      0       0      13        0.0%
BITBIGSFRlh          F      0       0      11        0.0%
BITBIGSFRllh         1      0       0      12        0.0%
BITBIGSFRhl          1      0       0      10        0.0%
BIGSFR               0      0       0     200        0.0%
BITSFR               0      0       0     200        0.0%
SFR                  0      0       0     200        0.0%
STACK                0      0       0       2        0.0%
NULL                 0      0       0       0        0.0%
ABS                  0      0      17      14        0.0%
DATA                 0      0      17      16        0.0%
CODE                 0      0       0       0        0.0%


Microchip Technology PIC18 Macro Assembler V2.46 build 20240104201356 
Symbol Table                                                                                   Sun Mar 03 21:48:37 2024

           ___awdiv@sign 0011                      l260 03C4                      l273 052E  
                    l820 0314                      l900 03D0                      l830 033A  
                    l822 031C                      l902 03E2                      l910 03FE  
                    l840 0372                      l832 0342                      l824 0320  
                    l816 0302                      l920 0432                      l912 0402  
                    l904 03E6                      l850 039E                      l842 0378  
                    l834 0354                      l826 032E                      l818 0306  
                    l922 0448                      l914 0404                      l906 03E8  
                    l844 038E                      l836 035C                      l852 03A4  
                    l828 0336                      l860 0480                      l924 044A  
                    l916 0406                      l908 03FA                      l854 03B4  
                    l846 0396                      l838 0364                      l870 04AC  
                    l862 0484                      l926 044C                      l918 0424  
                    l856 03BC                      l848 0398                      l880 04E4  
                    l872 04B4                      l864 0492                      l928 046A  
                    l890 051E                      l882 04FA                      l874 04C6  
                    l866 049A                      l892 0526                      l884 0502  
                    l876 04CE                      l868 049E                      l886 0508  
                    l878 04D6                      l888 050E                      l896 03C6  
                    l898 03CE                      u200 03B4                      u201 03B0  
                    u210 0492                      u211 048E                      u220 04AC  
                    u221 04A8                      u150 0314                      u230 04C6  
                    u151 0310                      u231 04C2                      u160 032E  
                    u240 04E4                      u161 032A                      u241 04E0  
                    u170 0354                      u250 04FA                      u171 0350  
                    u251 04F6                      u307 0470                      u180 0372  
                    u260 051E                      u181 036E                      u261 051A  
                    u190 038E                      u270 03E2                      u191 038A  
                    u271 03DE                      u280 03FA                      u281 03F6  
                    u297 042A             ___awmod@sign 0011                      wreg 0FE8  
                   _main 03C6                     fsr2h 0FDA                     indf2 0FDF  
                   fsr1l 0FE1                     fsr2l 0FD9                     start 0000  
           ___param_bank 0000                    ?_main 000C          __end_of___awdiv 03C6  
        __end_of___awmod 0530          ___awdiv@divisor 000E          ___awdiv@counter 0010  
                  _PORTB 0F81                    _TRISB 0F93                    _TRISD 0F95  
                  tablat 0FF5                    status 0FD8          __initialization 0530  
           __end_of_main 0480                   ??_main 0014            __activetblptr 0000  
       ___awdiv@dividend 000C                ??___awdiv 0010                ??___awmod 0010  
                 _count1 0017         ___awdiv@quotient 0012          ___awmod@divisor 000E  
                 _timer1 0016                   isa$std 0001          ___awmod@counter 0010  
                 _symbol 0001             __pdataCOMRAM 0001             __mediumconst 0000  
                 tblptrh 0FF7                   tblptrl 0FF6                   tblptru 0FF8  
             __accesstop 0060  __end_of__initialization 0554            ___rparam_used 0001  
         __pcstackCOMRAM 000C                  __Hparam 0000                  __Lparam 0000  
                ___awdiv 0302                  ___awmod 0480             __psmallconst 0300  
                __pcinit 0530                  __ramtop 0300                  __ptext0 03C6  
                __ptext1 0480                  __ptext2 0302         ___awmod@dividend 000C  
   end_of_initialization 0554                  postdec1 0FE5                  postinc0 0FEE  
              _PORTDbits 0F83               main@timer2 0015            __pidataCOMRAM 055A  
    start_initialization 0530              __pbssCOMRAM 0016                 ?___awdiv 000C  
               ?___awmod 000C              __smallconst 0300                copy_data0 0544  
               __Hrparam 0000                 __Lrparam 0000                 isa$xinst 0000  
