d:\thuangit\fresher\mock\carogame\debug\vc142.pdb
d:\thuangit\fresher\mock\carogame\debug\vc142.idb
d:\thuangit\fresher\mock\carogame\debug\player.obj
d:\thuangit\fresher\mock\carogame\debug\menu.obj
d:\thuangit\fresher\mock\carogame\debug\main.obj
d:\thuangit\fresher\mock\carogame\debug\game.obj
d:\thuangit\fresher\mock\carogame\debug\bot.obj
d:\thuangit\fresher\mock\carogame\debug\carogame.exe
d:\thuangit\fresher\mock\carogame\debug\carogame.ilk
d:\thuangit\fresher\mock\carogame\debug\carogame.pdb
d:\thuangit\fresher\mock\carogame\debug\carogame.res
d:\thuangit\fresher\mock\carogame\debug\game.obj.enc
d:\thuangit\fresher\mock\carogame\debug\main.obj.enc
d:\thuangit\fresher\mock\carogame\debug\carogame.tlog\cl.command.1.tlog
d:\thuangit\fresher\mock\carogame\debug\carogame.tlog\cl.read.1.tlog
d:\thuangit\fresher\mock\carogame\debug\carogame.tlog\cl.write.1.tlog
d:\thuangit\fresher\mock\carogame\debug\carogame.tlog\link.command.1.tlog
d:\thuangit\fresher\mock\carogame\debug\carogame.tlog\link.read.1.tlog
d:\thuangit\fresher\mock\carogame\debug\carogame.tlog\link.write.1.tlog
d:\thuangit\fresher\mock\carogame\debug\carogame.tlog\rc.command.1.tlog
d:\thuangit\fresher\mock\carogame\debug\carogame.tlog\rc.read.1.tlog
d:\thuangit\fresher\mock\carogame\debug\carogame.tlog\rc.write.1.tlog
