

Microchip MPLAB XC8 Assembler V2.46 build 20240104201356 
                                                                                               Sun Mar 03 23:07:37 2024

Microchip MPLAB XC8 C Compiler v2.46 (Free license) build 20240104201356 Og1 
     1                           	processor	18F4431
     2                           	fnconf	rparam,??,?,0
     3                           	pagewidth 120
     4                           	opt	flic
     5                           	psect	cinit,global,reloc=2,class=CODE,delta=1
     6                           	psect	cstackCOMRAM,global,class=COMRAM,space=1,delta=1,lowdata,noexec
     7                           	psect	text0,global,reloc=2,class=CODE,delta=1
     8                           	psect	text1,global,reloc=2,class=CODE,delta=1,group=1
     9                           	psect	text2,global,reloc=2,class=CODE,delta=1,group=1
    10                           	psect	text3,global,reloc=2,class=CODE,delta=1
    11                           	psect	smallconst,global,reloc=2,class=SMALLCONST,delta=1,noexec
    12                           	psect	intsave_regs,global,class=BIGRAM,space=1,delta=1,noexec
    13                           	psect	rparam,global,class=COMRAM,space=1,delta=1,noexec
    14                           	psect	config,global,abs,ovrld,class=CONFIG,space=4,delta=1,noexec
    15   000000                     
    16                           ; Generated 17/10/2023 GMT
    17                           ; 
    18                           ; Copyright © 2023, Microchip Technology Inc. and its subsidiaries ("Microchip")
    19                           ; All rights reserved.
    20                           ; 
    21                           ; This software is developed by Microchip Technology Inc. and its subsidiaries ("Microch
      +                          ip").
    22                           ; 
    23                           ; Redistribution and use in source and binary forms, with or without modification, are
    24                           ; permitted provided that the following conditions are met:
    25                           ; 
    26                           ;     1. Redistributions of source code must retain the above copyright notice, this lis
      +                          t of
    27                           ;        conditions and the following disclaimer.
    28                           ; 
    29                           ;     2. Redistributions in binary form must reproduce the above copyright notice, this 
      +                          list
    30                           ;        of conditions and the following disclaimer in the documentation and/or other
    31                           ;        materials provided with the distribution. Publication is not required when
    32                           ;        this file is used in an embedded application.
    33                           ; 
    34                           ;     3. Microchip's name may not be used to endorse or promote products derived from th
      +                          is
    35                           ;        software without specific prior written permission.
    36                           ; 
    37                           ; THIS SOFTWARE IS PROVIDED BY MICROCHIP "AS IS" AND ANY EXPRESS OR IMPLIED WARRANTIES,
    38                           ; INCLUDING, BUT NOT LIMITED TO, THE IMPLIED WARRANTIES OF MERCHANTABILITY AND FITNESS F
      +                          OR
    39                           ; PURPOSE ARE DISCLAIMED.  IN NO EVENT SHALL MICROCHIP BE LIABLE FOR ANY DIRECT, INDIREC
      +                          T,
    40                           ; INCIDENTAL, SPECIAL, EXEMPLARY, OR CONSEQUENTIAL DAMAGES (INCLUDING BUT NOT LIMITED TO
    41                           ; PROCUREMENT OF SUBSTITUTE GOODS OR SERVICES; LOSS OF USE, DATA OR PROFITS; OR BUSINESS
    42                           ; INTERRUPTION) HOWSOEVER CAUSED AND ON ANY THEORY OF LIABILITY, WHETHER IN CONTRACT, ST
      +                          RICT
    43                           ; LIABILITY, OR TORT (INCLUDING NEGLIGENCE OR OTHERWISE) ARISING IN ANY WAY OUT OF THE U
      +                          SE OF
    44                           ; THIS SOFTWARE, EVEN IF ADVISED OF THE POSSIBILITY OF SUCH DAMAGE.
    45                           ; 
    46                           ; 
    47                           ; Code-generator required, PIC18F4431 Definitions
    48                           ; 
    49                           ; SFR Addresses
    50   000000                     _PORTBbits	set	3969
    51   000000                     _TRISB	set	3987
    52                           
    53                           ; #config settings
    54                           
    55                           	psect	cinit
    56   0005E4                     __pcinit:
    57                           	callstack 0
    58   0005E4                     start_initialization:
    59                           	callstack 0
    60   0005E4                     __initialization:
    61                           	callstack 0
    62   0005E4                     end_of_initialization:
    63                           	callstack 0
    64   0005E4                     __end_of__initialization:
    65                           	callstack 0
    66   0005E4  0100               	movlb	0
    67   0005E6  EFB5  F002         	goto	_main	;jump to C main() function
    68                           
    69                           	psect	cstackCOMRAM
    70   000001                     __pcstackCOMRAM:
    71                           	callstack 0
    72   000001                     ?___awdiv:
    73                           	callstack 0
    74   000001                     ?___awmod:
    75                           	callstack 0
    76   000001                     ___awdiv@dividend:
    77                           	callstack 0
    78   000001                     ___awmod@dividend:
    79                           	callstack 0
    80                           
    81                           ; 2 bytes @ 0x0
    82   000001                     	ds	2
    83   000003                     ___awdiv@divisor:
    84                           	callstack 0
    85   000003                     ___awmod@divisor:
    86                           	callstack 0
    87                           
    88                           ; 2 bytes @ 0x2
    89   000003                     	ds	2
    90   000005                     ___awdiv@counter:
    91                           	callstack 0
    92   000005                     ___awmod@counter:
    93                           	callstack 0
    94                           
    95                           ; 1 bytes @ 0x4
    96   000005                     	ds	1
    97   000006                     ___awdiv@sign:
    98                           	callstack 0
    99   000006                     ___awmod@sign:
   100                           	callstack 0
   101                           
   102                           ; 1 bytes @ 0x5
   103   000006                     	ds	1
   104   000007                     ___awdiv@quotient:
   105                           	callstack 0
   106                           
   107                           ; 2 bytes @ 0x6
   108   000007                     	ds	2
   109   000009                     DisplayNum@digit:
   110                           	callstack 0
   111                           
   112                           ; 1 bytes @ 0x8
   113   000009                     	ds	1
   114   00000A                     ??_DisplayNum:
   115                           
   116                           ; 1 bytes @ 0x9
   117   00000A                     	ds	1
   118   00000B                     DisplayNum@num:
   119                           	callstack 0
   120                           
   121                           ; 1 bytes @ 0xA
   122   00000B                     	ds	1
   123   00000C                     ??_main:
   124                           
   125                           ; 1 bytes @ 0xB
   126   00000C                     	ds	2
   127   00000E                     main@count:
   128                           	callstack 0
   129                           
   130                           ; 1 bytes @ 0xD
   131   00000E                     	ds	1
   132                           
   133 ;;
   134 ;;Main: autosize = 0, tempsize = 2, incstack = 0, save=0
   135 ;;
   136 ;; *************** function _main *****************
   137 ;; Defined at:
   138 ;;		line 106 in file "main.c"
   139 ;; Parameters:    Size  Location     Type
   140 ;;		None
   141 ;; Auto vars:     Size  Location     Type
   142 ;;  count           1   13[COMRAM] unsigned char 
   143 ;; Return value:  Size  Location     Type
   144 ;;                  1    wreg      void 
   145 ;; Registers used:
   146 ;;		wreg, status,2, status,0, cstack
   147 ;; Tracked objects:
   148 ;;		On entry : 0/0
   149 ;;		On exit  : 0/0
   150 ;;		Unchanged: 0/0
   151 ;; Data sizes:     COMRAM   BANK0   BANK1   BANK2
   152 ;;      Params:         0       0       0       0
   153 ;;      Locals:         1       0       0       0
   154 ;;      Temps:          2       0       0       0
   155 ;;      Totals:         3       0       0       0
   156 ;;Total ram usage:        3 bytes
   157 ;; Hardware stack levels required when called: 1
   158 ;; This function calls:
   159 ;;		_DisplayNum
   160 ;;		___awdiv
   161 ;;		___awmod
   162 ;; This function is called by:
   163 ;;		Startup code after reset
   164 ;; This function uses a non-reentrant model
   165 ;;
   166                           
   167                           	psect	text0
   168   00056A                     __ptext0:
   169                           	callstack 0
   170   00056A                     _main:
   171                           	callstack 30
   172   00056A                     
   173                           ;main.c: 108:     unsigned char count = 0;
   174   00056A  0E00               	movlw	0
   175   00056C  6E0E               	movwf	main@count^0,c
   176                           
   177                           ;main.c: 109:     TRISB = 0;
   178   00056E  0E00               	movlw	0
   179   000570  6E93               	movwf	147,c	;volatile
   180   000572                     l886:
   181                           
   182                           ;main.c: 111:     {;main.c: 112:         count++;
   183   000572  2A0E               	incf	main@count^0,f,c
   184   000574                     
   185                           ;main.c: 113:         if(count == 100) count = 0;
   186   000574  0E64               	movlw	100
   187   000576  180E               	xorwf	main@count^0,w,c
   188   000578  A4D8               	btfss	status,2,c
   189   00057A  EFC1  F002         	goto	u281
   190   00057E  EFC3  F002         	goto	u280
   191   000582                     u281:
   192   000582  EFC5  F002         	goto	l892
   193   000586                     u280:
   194   000586  0E00               	movlw	0
   195   000588  6E0E               	movwf	main@count^0,c
   196   00058A                     l892:
   197                           
   198                           ;main.c: 115:         DisplayNum(count%10, 0);
   199   00058A  0E00               	movlw	0
   200   00058C  6E09               	movwf	DisplayNum@digit^0,c
   201   00058E  C00E  F001         	movff	main@count,___awmod@dividend
   202   000592  6A02               	clrf	(___awmod@dividend+1)^0,c
   203   000594  0E00               	movlw	0
   204   000596  6E04               	movwf	(___awmod@divisor+1)^0,c
   205   000598  0E0A               	movlw	10
   206   00059A  6E03               	movwf	___awmod@divisor^0,c
   207   00059C  EC5D  F002         	call	___awmod	;wreg free
   208   0005A0  5001               	movf	?___awmod^0,w,c
   209   0005A2  EC81  F001         	call	_DisplayNum
   210   0005A6                     
   211                           ;main.c: 117:         DisplayNum(count/10, 1);
   212   0005A6  0E01               	movlw	1
   213   0005A8  6E09               	movwf	DisplayNum@digit^0,c
   214   0005AA  C00E  F001         	movff	main@count,___awdiv@dividend
   215   0005AE  6A02               	clrf	(___awdiv@dividend+1)^0,c
   216   0005B0  0E00               	movlw	0
   217   0005B2  6E04               	movwf	(___awdiv@divisor+1)^0,c
   218   0005B4  0E0A               	movlw	10
   219   0005B6  6E03               	movwf	___awdiv@divisor^0,c
   220   0005B8  ECFB  F001         	call	___awdiv	;wreg free
   221   0005BC  5001               	movf	?___awdiv^0,w,c
   222   0005BE  EC81  F001         	call	_DisplayNum
   223   0005C2                     
   224                           ;main.c: 118:         _delay((unsigned long)((100)*(8000000/4000.0)));
   225   0005C2  0E02               	movlw	2
   226   0005C4  6E0D               	movwf	(??_main+1)^0,c
   227   0005C6  0E04               	movlw	4
   228   0005C8  6E0C               	movwf	??_main^0,c
   229   0005CA  0EBA               	movlw	186
   230   0005CC                     u297:
   231   0005CC  2EE8               	decfsz	wreg,f,c
   232   0005CE  D7FE               	bra	u297
   233   0005D0  2E0C               	decfsz	??_main^0,f,c
   234   0005D2  D7FC               	bra	u297
   235   0005D4  2E0D               	decfsz	(??_main+1)^0,f,c
   236   0005D6  D7FA               	bra	u297
   237   0005D8  F000 F000          	nop2	
   238   0005DC  EFB9  F002         	goto	l886
   239   0005E0  EF00  F000         	goto	start
   240   0005E4                     __end_of_main:
   241                           	callstack 0
   242                           
   243 ;; *************** function ___awmod *****************
   244 ;; Defined at:
   245 ;;		line 7 in file "C:\Program Files\Microchip\xc8\v2.46\pic\sources\c99\common\awmod.c"
   246 ;; Parameters:    Size  Location     Type
   247 ;;  dividend        2    0[COMRAM] int 
   248 ;;  divisor         2    2[COMRAM] int 
   249 ;; Auto vars:     Size  Location     Type
   250 ;;  sign            1    5[COMRAM] unsigned char 
   251 ;;  counter         1    4[COMRAM] unsigned char 
   252 ;; Return value:  Size  Location     Type
   253 ;;                  2    0[COMRAM] int 
   254 ;; Registers used:
   255 ;;		wreg, status,2, status,0
   256 ;; Tracked objects:
   257 ;;		On entry : 0/0
   258 ;;		On exit  : 0/0
   259 ;;		Unchanged: 0/0
   260 ;; Data sizes:     COMRAM   BANK0   BANK1   BANK2
   261 ;;      Params:         4       0       0       0
   262 ;;      Locals:         2       0       0       0
   263 ;;      Temps:          0       0       0       0
   264 ;;      Totals:         6       0       0       0
   265 ;;Total ram usage:        6 bytes
   266 ;; Hardware stack levels used: 1
   267 ;; This function calls:
   268 ;;		Nothing
   269 ;; This function is called by:
   270 ;;		_main
   271 ;; This function uses a non-reentrant model
   272 ;;
   273                           
   274                           	psect	text1
   275   0004BA                     __ptext1:
   276                           	callstack 0
   277   0004BA                     ___awmod:
   278                           	callstack 30
   279   0004BA  0E00               	movlw	0
   280   0004BC  6E06               	movwf	___awmod@sign^0,c
   281   0004BE  BE02               	btfsc	(___awmod@dividend+1)^0,7,c
   282   0004C0  EF66  F002         	goto	u220
   283   0004C4  EF64  F002         	goto	u221
   284   0004C8                     u221:
   285   0004C8  EF6C  F002         	goto	l856
   286   0004CC                     u220:
   287   0004CC  6C01               	negf	___awmod@dividend^0,c
   288   0004CE  1E02               	comf	(___awmod@dividend+1)^0,f,c
   289   0004D0  B0D8               	btfsc	status,0,c
   290   0004D2  2A02               	incf	(___awmod@dividend+1)^0,f,c
   291   0004D4  0E01               	movlw	1
   292   0004D6  6E06               	movwf	___awmod@sign^0,c
   293   0004D8                     l856:
   294   0004D8  BE04               	btfsc	(___awmod@divisor+1)^0,7,c
   295   0004DA  EF73  F002         	goto	u230
   296   0004DE  EF71  F002         	goto	u231
   297   0004E2                     u231:
   298   0004E2  EF77  F002         	goto	l860
   299   0004E6                     u230:
   300   0004E6  6C03               	negf	___awmod@divisor^0,c
   301   0004E8  1E04               	comf	(___awmod@divisor+1)^0,f,c
   302   0004EA  B0D8               	btfsc	status,0,c
   303   0004EC  2A04               	incf	(___awmod@divisor+1)^0,f,c
   304   0004EE                     l860:
   305   0004EE  5003               	movf	___awmod@divisor^0,w,c
   306   0004F0  1004               	iorwf	(___awmod@divisor+1)^0,w,c
   307   0004F2  B4D8               	btfsc	status,2,c
   308   0004F4  EF7E  F002         	goto	u241
   309   0004F8  EF80  F002         	goto	u240
   310   0004FC                     u241:
   311   0004FC  EFA4  F002         	goto	l876
   312   000500                     u240:
   313   000500  0E01               	movlw	1
   314   000502  6E05               	movwf	___awmod@counter^0,c
   315   000504  EF88  F002         	goto	l866
   316   000508                     l864:
   317   000508  90D8               	bcf	status,0,c
   318   00050A  3603               	rlcf	___awmod@divisor^0,f,c
   319   00050C  3604               	rlcf	(___awmod@divisor+1)^0,f,c
   320   00050E  2A05               	incf	___awmod@counter^0,f,c
   321   000510                     l866:
   322   000510  AE04               	btfss	(___awmod@divisor+1)^0,7,c
   323   000512  EF8D  F002         	goto	u251
   324   000516  EF8F  F002         	goto	u250
   325   00051A                     u251:
   326   00051A  EF84  F002         	goto	l864
   327   00051E                     u250:
   328   00051E                     l868:
   329   00051E  5003               	movf	___awmod@divisor^0,w,c
   330   000520  5C01               	subwf	___awmod@dividend^0,w,c
   331   000522  5004               	movf	(___awmod@divisor+1)^0,w,c
   332   000524  5802               	subwfb	(___awmod@dividend+1)^0,w,c
   333   000526  A0D8               	btfss	status,0,c
   334   000528  EF98  F002         	goto	u261
   335   00052C  EF9A  F002         	goto	u260
   336   000530                     u261:
   337   000530  EF9E  F002         	goto	l872
   338   000534                     u260:
   339   000534  5003               	movf	___awmod@divisor^0,w,c
   340   000536  5E01               	subwf	___awmod@dividend^0,f,c
   341   000538  5004               	movf	(___awmod@divisor+1)^0,w,c
   342   00053A  5A02               	subwfb	(___awmod@dividend+1)^0,f,c
   343   00053C                     l872:
   344   00053C  90D8               	bcf	status,0,c
   345   00053E  3204               	rrcf	(___awmod@divisor+1)^0,f,c
   346   000540  3203               	rrcf	___awmod@divisor^0,f,c
   347   000542  2E05               	decfsz	___awmod@counter^0,f,c
   348   000544  EF8F  F002         	goto	l868
   349   000548                     l876:
   350   000548  5006               	movf	___awmod@sign^0,w,c
   351   00054A  B4D8               	btfsc	status,2,c
   352   00054C  EFAA  F002         	goto	u271
   353   000550  EFAC  F002         	goto	u270
   354   000554                     u271:
   355   000554  EFB0  F002         	goto	l880
   356   000558                     u270:
   357   000558  6C01               	negf	___awmod@dividend^0,c
   358   00055A  1E02               	comf	(___awmod@dividend+1)^0,f,c
   359   00055C  B0D8               	btfsc	status,0,c
   360   00055E  2A02               	incf	(___awmod@dividend+1)^0,f,c
   361   000560                     l880:
   362   000560  C001  F001         	movff	___awmod@dividend,?___awmod
   363   000564  C002  F002         	movff	___awmod@dividend+1,?___awmod+1
   364   000568  0012               	return		;funcret
   365   00056A                     __end_of___awmod:
   366                           	callstack 0
   367                           
   368 ;; *************** function ___awdiv *****************
   369 ;; Defined at:
   370 ;;		line 7 in file "C:\Program Files\Microchip\xc8\v2.46\pic\sources\c99\common\awdiv.c"
   371 ;; Parameters:    Size  Location     Type
   372 ;;  dividend        2    0[COMRAM] int 
   373 ;;  divisor         2    2[COMRAM] int 
   374 ;; Auto vars:     Size  Location     Type
   375 ;;  quotient        2    6[COMRAM] int 
   376 ;;  sign            1    5[COMRAM] unsigned char 
   377 ;;  counter         1    4[COMRAM] unsigned char 
   378 ;; Return value:  Size  Location     Type
   379 ;;                  2    0[COMRAM] int 
   380 ;; Registers used:
   381 ;;		wreg, status,2, status,0
   382 ;; Tracked objects:
   383 ;;		On entry : 0/0
   384 ;;		On exit  : 0/0
   385 ;;		Unchanged: 0/0
   386 ;; Data sizes:     COMRAM   BANK0   BANK1   BANK2
   387 ;;      Params:         4       0       0       0
   388 ;;      Locals:         4       0       0       0
   389 ;;      Temps:          0       0       0       0
   390 ;;      Totals:         8       0       0       0
   391 ;;Total ram usage:        8 bytes
   392 ;; Hardware stack levels used: 1
   393 ;; This function calls:
   394 ;;		Nothing
   395 ;; This function is called by:
   396 ;;		_main
   397 ;; This function uses a non-reentrant model
   398 ;;
   399                           
   400                           	psect	text2
   401   0003F6                     __ptext2:
   402                           	callstack 0
   403   0003F6                     ___awdiv:
   404                           	callstack 30
   405   0003F6  0E00               	movlw	0
   406   0003F8  6E06               	movwf	___awdiv@sign^0,c
   407   0003FA  BE04               	btfsc	(___awdiv@divisor+1)^0,7,c
   408   0003FC  EF04  F002         	goto	u160
   409   000400  EF02  F002         	goto	u161
   410   000404                     u161:
   411   000404  EF0A  F002         	goto	l812
   412   000408                     u160:
   413   000408  6C03               	negf	___awdiv@divisor^0,c
   414   00040A  1E04               	comf	(___awdiv@divisor+1)^0,f,c
   415   00040C  B0D8               	btfsc	status,0,c
   416   00040E  2A04               	incf	(___awdiv@divisor+1)^0,f,c
   417   000410  0E01               	movlw	1
   418   000412  6E06               	movwf	___awdiv@sign^0,c
   419   000414                     l812:
   420   000414  BE02               	btfsc	(___awdiv@dividend+1)^0,7,c
   421   000416  EF11  F002         	goto	u170
   422   00041A  EF0F  F002         	goto	u171
   423   00041E                     u171:
   424   00041E  EF17  F002         	goto	l818
   425   000422                     u170:
   426   000422  6C01               	negf	___awdiv@dividend^0,c
   427   000424  1E02               	comf	(___awdiv@dividend+1)^0,f,c
   428   000426  B0D8               	btfsc	status,0,c
   429   000428  2A02               	incf	(___awdiv@dividend+1)^0,f,c
   430   00042A  0E01               	movlw	1
   431   00042C  1A06               	xorwf	___awdiv@sign^0,f,c
   432   00042E                     l818:
   433   00042E  0E00               	movlw	0
   434   000430  6E08               	movwf	(___awdiv@quotient+1)^0,c
   435   000432  0E00               	movlw	0
   436   000434  6E07               	movwf	___awdiv@quotient^0,c
   437   000436  5003               	movf	___awdiv@divisor^0,w,c
   438   000438  1004               	iorwf	(___awdiv@divisor+1)^0,w,c
   439   00043A  B4D8               	btfsc	status,2,c
   440   00043C  EF22  F002         	goto	u181
   441   000440  EF24  F002         	goto	u180
   442   000444                     u181:
   443   000444  EF4C  F002         	goto	l840
   444   000448                     u180:
   445   000448  0E01               	movlw	1
   446   00044A  6E05               	movwf	___awdiv@counter^0,c
   447   00044C  EF2C  F002         	goto	l826
   448   000450                     l824:
   449   000450  90D8               	bcf	status,0,c
   450   000452  3603               	rlcf	___awdiv@divisor^0,f,c
   451   000454  3604               	rlcf	(___awdiv@divisor+1)^0,f,c
   452   000456  2A05               	incf	___awdiv@counter^0,f,c
   453   000458                     l826:
   454   000458  AE04               	btfss	(___awdiv@divisor+1)^0,7,c
   455   00045A  EF31  F002         	goto	u191
   456   00045E  EF33  F002         	goto	u190
   457   000462                     u191:
   458   000462  EF28  F002         	goto	l824
   459   000466                     u190:
   460   000466                     l828:
   461   000466  90D8               	bcf	status,0,c
   462   000468  3607               	rlcf	___awdiv@quotient^0,f,c
   463   00046A  3608               	rlcf	(___awdiv@quotient+1)^0,f,c
   464   00046C  5003               	movf	___awdiv@divisor^0,w,c
   465   00046E  5C01               	subwf	___awdiv@dividend^0,w,c
   466   000470  5004               	movf	(___awdiv@divisor+1)^0,w,c
   467   000472  5802               	subwfb	(___awdiv@dividend+1)^0,w,c
   468   000474  A0D8               	btfss	status,0,c
   469   000476  EF3F  F002         	goto	u201
   470   00047A  EF41  F002         	goto	u200
   471   00047E                     u201:
   472   00047E  EF46  F002         	goto	l836
   473   000482                     u200:
   474   000482  5003               	movf	___awdiv@divisor^0,w,c
   475   000484  5E01               	subwf	___awdiv@dividend^0,f,c
   476   000486  5004               	movf	(___awdiv@divisor+1)^0,w,c
   477   000488  5A02               	subwfb	(___awdiv@dividend+1)^0,f,c
   478   00048A  8007               	bsf	___awdiv@quotient^0,0,c
   479   00048C                     l836:
   480   00048C  90D8               	bcf	status,0,c
   481   00048E  3204               	rrcf	(___awdiv@divisor+1)^0,f,c
   482   000490  3203               	rrcf	___awdiv@divisor^0,f,c
   483   000492  2E05               	decfsz	___awdiv@counter^0,f,c
   484   000494  EF33  F002         	goto	l828
   485   000498                     l840:
   486   000498  5006               	movf	___awdiv@sign^0,w,c
   487   00049A  B4D8               	btfsc	status,2,c
   488   00049C  EF52  F002         	goto	u211
   489   0004A0  EF54  F002         	goto	u210
   490   0004A4                     u211:
   491   0004A4  EF58  F002         	goto	l844
   492   0004A8                     u210:
   493   0004A8  6C07               	negf	___awdiv@quotient^0,c
   494   0004AA  1E08               	comf	(___awdiv@quotient+1)^0,f,c
   495   0004AC  B0D8               	btfsc	status,0,c
   496   0004AE  2A08               	incf	(___awdiv@quotient+1)^0,f,c
   497   0004B0                     l844:
   498   0004B0  C007  F001         	movff	___awdiv@quotient,?___awdiv
   499   0004B4  C008  F002         	movff	___awdiv@quotient+1,?___awdiv+1
   500   0004B8  0012               	return		;funcret
   501   0004BA                     __end_of___awdiv:
   502                           	callstack 0
   503                           
   504 ;; *************** function _DisplayNum *****************
   505 ;; Defined at:
   506 ;;		line 123 in file "main.c"
   507 ;; Parameters:    Size  Location     Type
   508 ;;  num             1    wreg     unsigned char 
   509 ;;  digit           1    8[COMRAM] unsigned char 
   510 ;; Auto vars:     Size  Location     Type
   511 ;;  num             1   10[COMRAM] unsigned char 
   512 ;; Return value:  Size  Location     Type
   513 ;;                  1    wreg      void 
   514 ;; Registers used:
   515 ;;		wreg, status,2, status,0
   516 ;; Tracked objects:
   517 ;;		On entry : 0/0
   518 ;;		On exit  : 0/0
   519 ;;		Unchanged: 0/0
   520 ;; Data sizes:     COMRAM   BANK0   BANK1   BANK2
   521 ;;      Params:         1       0       0       0
   522 ;;      Locals:         1       0       0       0
   523 ;;      Temps:          1       0       0       0
   524 ;;      Totals:         3       0       0       0
   525 ;;Total ram usage:        3 bytes
   526 ;; Hardware stack levels used: 1
   527 ;; This function calls:
   528 ;;		Nothing
   529 ;; This function is called by:
   530 ;;		_main
   531 ;; This function uses a non-reentrant model
   532 ;;
   533                           
   534                           	psect	text3
   535   000302                     __ptext3:
   536                           	callstack 0
   537   000302                     _DisplayNum:
   538                           	callstack 30
   539                           
   540                           ;incstack = 0
   541                           ;DisplayNum@num stored from wreg
   542   000302  6E0B               	movwf	DisplayNum@num^0,c
   543   000304                     
   544                           ;main.c: 123: void DisplayNum(unsigned char num, unsigned char digit);main.c: 124: {;mai
      +                          n.c: 125:     if(digit == 0)
   545   000304  5009               	movf	DisplayNum@digit^0,w,c
   546   000306  A4D8               	btfss	status,2,c
   547   000308  EF88  F001         	goto	u151
   548   00030C  EF8A  F001         	goto	u150
   549   000310                     u151:
   550   000310  EFC2  F001         	goto	l802
   551   000314                     u150:
   552   000314                     
   553                           ;main.c: 126:     {;main.c: 127:         PORTBbits.RB0 = num & 0x01;
   554   000314  C00B  F00A         	movff	DisplayNum@num,??_DisplayNum
   555   000318  0E01               	movlw	1
   556   00031A  160A               	andwf	??_DisplayNum^0,f,c
   557   00031C  5081               	movf	129,w,c	;volatile
   558   00031E  180A               	xorwf	??_DisplayNum^0,w,c
   559   000320  0BFE               	andlw	-2
   560   000322  180A               	xorwf	??_DisplayNum^0,w,c
   561   000324  6E81               	movwf	129,c	;volatile
   562                           
   563                           ;main.c: 128:         PORTBbits.RB1 = (num & 0x02) >> 1;
   564   000326  C00B  F00A         	movff	DisplayNum@num,??_DisplayNum
   565   00032A  90D8               	bcf	status,0,c
   566   00032C  320A               	rrcf	??_DisplayNum^0,f,c
   567   00032E  0E01               	movlw	1
   568   000330  160A               	andwf	??_DisplayNum^0,f,c
   569   000332  460A               	rlncf	??_DisplayNum^0,f,c
   570   000334  5081               	movf	129,w,c	;volatile
   571   000336  180A               	xorwf	??_DisplayNum^0,w,c
   572   000338  0BFD               	andlw	-3
   573   00033A  180A               	xorwf	??_DisplayNum^0,w,c
   574   00033C  6E81               	movwf	129,c	;volatile
   575                           
   576                           ;main.c: 129:         PORTBbits.RB2 = (num & 0x04) >> 2;
   577   00033E  C00B  F00A         	movff	DisplayNum@num,??_DisplayNum
   578   000342  90D8               	bcf	status,0,c
   579   000344  320A               	rrcf	??_DisplayNum^0,f,c
   580   000346  90D8               	bcf	status,0,c
   581   000348  320A               	rrcf	??_DisplayNum^0,f,c
   582   00034A  0E01               	movlw	1
   583   00034C  160A               	andwf	??_DisplayNum^0,f,c
   584   00034E  460A               	rlncf	??_DisplayNum^0,f,c
   585   000350  460A               	rlncf	??_DisplayNum^0,f,c
   586   000352  5081               	movf	129,w,c	;volatile
   587   000354  180A               	xorwf	??_DisplayNum^0,w,c
   588   000356  0BFB               	andlw	-5
   589   000358  180A               	xorwf	??_DisplayNum^0,w,c
   590   00035A  6E81               	movwf	129,c	;volatile
   591                           
   592                           ;main.c: 130:         PORTBbits.RB3 = (num & 0x08) >> 3;
   593   00035C  C00B  F00A         	movff	DisplayNum@num,??_DisplayNum
   594   000360  90D8               	bcf	status,0,c
   595   000362  320A               	rrcf	??_DisplayNum^0,f,c
   596   000364  90D8               	bcf	status,0,c
   597   000366  320A               	rrcf	??_DisplayNum^0,f,c
   598   000368  90D8               	bcf	status,0,c
   599   00036A  320A               	rrcf	??_DisplayNum^0,f,c
   600   00036C  0E01               	movlw	1
   601   00036E  160A               	andwf	??_DisplayNum^0,f,c
   602   000370  460A               	rlncf	??_DisplayNum^0,f,c
   603   000372  460A               	rlncf	??_DisplayNum^0,f,c
   604   000374  460A               	rlncf	??_DisplayNum^0,f,c
   605   000376  5081               	movf	129,w,c	;volatile
   606   000378  180A               	xorwf	??_DisplayNum^0,w,c
   607   00037A  0BF7               	andlw	-9
   608   00037C  180A               	xorwf	??_DisplayNum^0,w,c
   609   00037E  6E81               	movwf	129,c	;volatile
   610                           
   611                           ;main.c: 131:     } else
   612   000380  EFFA  F001         	goto	l22
   613   000384                     l802:
   614                           
   615                           ;main.c: 132:     {;main.c: 133:         PORTBbits.RB4 = num & 0x01;
   616   000384  C00B  F00A         	movff	DisplayNum@num,??_DisplayNum
   617   000388  0E01               	movlw	1
   618   00038A  160A               	andwf	??_DisplayNum^0,f,c
   619   00038C  3A0A               	swapf	??_DisplayNum^0,f,c
   620   00038E  5081               	movf	129,w,c	;volatile
   621   000390  180A               	xorwf	??_DisplayNum^0,w,c
   622   000392  0BEF               	andlw	-17
   623   000394  180A               	xorwf	??_DisplayNum^0,w,c
   624   000396  6E81               	movwf	129,c	;volatile
   625                           
   626                           ;main.c: 134:         PORTBbits.RB5 = (num & 0x02) >> 1;
   627   000398  C00B  F00A         	movff	DisplayNum@num,??_DisplayNum
   628   00039C  90D8               	bcf	status,0,c
   629   00039E  320A               	rrcf	??_DisplayNum^0,f,c
   630   0003A0  0E01               	movlw	1
   631   0003A2  160A               	andwf	??_DisplayNum^0,f,c
   632   0003A4  3A0A               	swapf	??_DisplayNum^0,f,c
   633   0003A6  460A               	rlncf	??_DisplayNum^0,f,c
   634   0003A8  5081               	movf	129,w,c	;volatile
   635   0003AA  180A               	xorwf	??_DisplayNum^0,w,c
   636   0003AC  0BDF               	andlw	-33
   637   0003AE  180A               	xorwf	??_DisplayNum^0,w,c
   638   0003B0  6E81               	movwf	129,c	;volatile
   639                           
   640                           ;main.c: 135:         PORTBbits.RB6 = (num & 0x04) >> 2;
   641   0003B2  C00B  F00A         	movff	DisplayNum@num,??_DisplayNum
   642   0003B6  90D8               	bcf	status,0,c
   643   0003B8  320A               	rrcf	??_DisplayNum^0,f,c
   644   0003BA  90D8               	bcf	status,0,c
   645   0003BC  320A               	rrcf	??_DisplayNum^0,f,c
   646   0003BE  0E01               	movlw	1
   647   0003C0  160A               	andwf	??_DisplayNum^0,f,c
   648   0003C2  3A0A               	swapf	??_DisplayNum^0,f,c
   649   0003C4  460A               	rlncf	??_DisplayNum^0,f,c
   650   0003C6  460A               	rlncf	??_DisplayNum^0,f,c
   651   0003C8  5081               	movf	129,w,c	;volatile
   652   0003CA  180A               	xorwf	??_DisplayNum^0,w,c
   653   0003CC  0BBF               	andlw	-65
   654   0003CE  180A               	xorwf	??_DisplayNum^0,w,c
   655   0003D0  6E81               	movwf	129,c	;volatile
   656                           
   657                           ;main.c: 136:         PORTBbits.RB7 = (num & 0x08) >> 3;
   658   0003D2  C00B  F00A         	movff	DisplayNum@num,??_DisplayNum
   659   0003D6  90D8               	bcf	status,0,c
   660   0003D8  320A               	rrcf	??_DisplayNum^0,f,c
   661   0003DA  90D8               	bcf	status,0,c
   662   0003DC  320A               	rrcf	??_DisplayNum^0,f,c
   663   0003DE  90D8               	bcf	status,0,c
   664   0003E0  320A               	rrcf	??_DisplayNum^0,f,c
   665   0003E2  0E01               	movlw	1
   666   0003E4  160A               	andwf	??_DisplayNum^0,f,c
   667   0003E6  320A               	rrcf	??_DisplayNum^0,f,c
   668   0003E8  320A               	rrcf	??_DisplayNum^0,f,c
   669   0003EA  5081               	movf	129,w,c	;volatile
   670   0003EC  180A               	xorwf	??_DisplayNum^0,w,c
   671   0003EE  0B7F               	andlw	-129
   672   0003F0  180A               	xorwf	??_DisplayNum^0,w,c
   673   0003F2  6E81               	movwf	129,c	;volatile
   674   0003F4                     l22:
   675   0003F4  0012               	return		;funcret
   676   0003F6                     __end_of_DisplayNum:
   677                           	callstack 0
   678                           
   679                           	psect	smallconst
   680   000300                     __psmallconst:
   681                           	callstack 0
   682   000300  00                 	db	0
   683   000301  00                 	db	0	; dummy byte at the end
   684   000000                     
   685                           	psect	rparam
   686   000000                     
   687                           	psect	config
   688                           
   689                           ; Padding undefined space
   690   300000                     	org	3145728
   691   300000  FF                 	db	255
   692                           
   693                           ;Config register CONFIG1H @ 0x300001
   694                           ;	Oscillator Selection bits
   695                           ;	OSC = IRC, Internal oscillator block, CLKO function on RA6 and port function on RA7
   696                           ;	Fail-Safe Clock Monitor Enable bit
   697                           ;	FCMEN = ON, Fail-Safe Clock Monitor enabled
   698                           ;	Internal External Oscillator Switchover bit
   699                           ;	IESO = ON, Internal External Switchover mode enabled
   700   300001                     	org	3145729
   701   300001  C9                 	db	201
   702                           
   703                           ;Config register CONFIG2L @ 0x300002
   704                           ;	Power-up Timer Enable bit
   705                           ;	PWRTEN = OFF, PWRT disabled
   706                           ;	Brown-out Reset Enable bits
   707                           ;	BOREN = ON, Brown-out Reset enabled
   708                           ;	Brown Out Reset Voltage bits
   709                           ;	BORV = 0x3, unprogrammed default
   710   300002                     	org	3145730
   711   300002  0F                 	db	15
   712                           
   713                           ;Config register CONFIG2H @ 0x300003
   714                           ;	Watchdog Timer Enable bit
   715                           ;	WDTEN = ON, WDT enabled
   716                           ;	Watchdog Timer Postscale Select bits
   717                           ;	WDPS = 32768, 1:32768
   718                           ;	Watchdog Timer Window Enable bit
   719                           ;	WINEN = OFF, WDT window disabled
   720   300003                     	org	3145731
   721   300003  3F                 	db	63
   722                           
   723                           ;Config register CONFIG3L @ 0x300004
   724                           ;	PWM output pins Reset state control
   725                           ;	PWMPIN = OFF, PWM outputs disabled upon Reset (default)
   726                           ;	Low-Side Transistors Polarity
   727                           ;	LPOL = HIGH, PWM0, 2, 4 and 6 are active-high
   728                           ;	High-Side Transistors Polarity
   729                           ;	HPOL = HIGH, PWM1, 3, 5 and 7 are active-high
   730                           ;	Timer1 Oscillator MUX
   731                           ;	T1OSCMX = ON, Low-power Timer1 operation when microcontroller is in Sleep mode
   732   300004                     	org	3145732
   733   300004  3C                 	db	60
   734                           
   735                           ;Config register CONFIG3H @ 0x300005
   736                           ;	FLTA MUX bit
   737                           ;	FLTAMX = RC1, FLTA input is multiplexed with RC1
   738                           ;	SSP I/O MUX bit
   739                           ;	SSPMX = RC7, SCK/SCL clocks and SDA/SDI data are multiplexed with RC5 and RC4, respect
      +                          ively. SDO output is multiplexed with RC7.
   740                           ;	PWM4 MUX bit
   741                           ;	PWM4MX = RB5, PWM4 output is multiplexed with RB5
   742                           ;	TMR0/T5CKI External clock MUX bit
   743                           ;	EXCLKMX = RC3, TMR0/T5CKI external clock input is multiplexed with RC3
   744                           ;	MCLR Pin Enable bit
   745                           ;	MCLRE = ON, Enabled
   746   300005                     	org	3145733
   747   300005  9D                 	db	157
   748                           
   749                           ;Config register CONFIG4L @ 0x300006
   750                           ;	Stack Full/Underflow Reset Enable bit
   751                           ;	STVREN = ON, Stack full/underflow will cause Reset
   752                           ;	Low-Voltage ICSP Enable bit
   753                           ;	LVP = ON, Low-voltage ICSP enabled
   754                           ;	Background Debugger Enable bit
   755                           ;	DEBUG = 0x1, unprogrammed default
   756   300006                     	org	3145734
   757   300006  85                 	db	133
   758                           
   759                           ; Padding undefined space
   760   300007                     	org	3145735
   761   300007  FF                 	db	255
   762                           
   763                           ;Config register CONFIG5L @ 0x300008
   764                           ;	Code Protection bit
   765                           ;	CP0 = OFF, Block 0 (000200-000FFFh) not code-protected
   766                           ;	Code Protection bit
   767                           ;	CP1 = OFF, Block 1 (001000-001FFF) not code-protected
   768                           ;	Code Protection bit
   769                           ;	CP2 = OFF, Block 2 (002000-002FFFh) not code-protected
   770                           ;	Code Protection bit
   771                           ;	CP3 = OFF, Block 3 (003000-003FFFh) not code-protected
   772   300008                     	org	3145736
   773   300008  0F                 	db	15
   774                           
   775                           ;Config register CONFIG5H @ 0x300009
   776                           ;	Boot Block Code Protection bit
   777                           ;	CPB = OFF, Boot Block (000000-0001FFh) not code-protected
   778                           ;	Data EEPROM Code Protection bit
   779                           ;	CPD = OFF, Data EEPROM not code-protected
   780   300009                     	org	3145737
   781   300009  C0                 	db	192
   782                           
   783                           ;Config register CONFIG6L @ 0x30000A
   784                           ;	Write Protection bit
   785                           ;	WRT0 = OFF, Block 0 (000200-000FFFh) not write-protected
   786                           ;	Write Protection bit
   787                           ;	WRT1 = OFF, Block 1 (001000-001FFF) not write-protected
   788                           ;	Write Protection bit
   789                           ;	WRT2 = OFF, Block 2 (002000-002FFFh) not write-protected
   790                           ;	Write Protection bit
   791                           ;	WRT3 = OFF, Block 3 (003000-003FFFh) not write-protected
   792   30000A                     	org	3145738
   793   30000A  0F                 	db	15
   794                           
   795                           ;Config register CONFIG6H @ 0x30000B
   796                           ;	Configuration Register Write Protection bit
   797                           ;	WRTC = OFF, Configuration registers (300000-3000FFh) not write-protected
   798                           ;	Boot Block Write Protection bit
   799                           ;	WRTB = OFF, Boot Block (000000-0001FFh) not write-protected
   800                           ;	Data EEPROM Write Protection bit
   801                           ;	WRTD = OFF, Data EEPROM not write-protected
   802   30000B                     	org	3145739
   803   30000B  E0                 	db	224
   804                           
   805                           ;Config register CONFIG7L @ 0x30000C
   806                           ;	Table Read Protection bit
   807                           ;	EBTR0 = OFF, Block 0 (000200-000FFFh) not protected from table reads executed in other
      +                           blocks
   808                           ;	Table Read Protection bit
   809                           ;	EBTR1 = OFF, Block 1 (001000-001FFF) not protected from table reads executed in other 
      +                          blocks
   810                           ;	Table Read Protection bit
   811                           ;	EBTR2 = OFF, Block 2 (002000-002FFFh) not protected from table reads executed in other
      +                           blocks
   812                           ;	Table Read Protection bit
   813                           ;	EBTR3 = OFF, Block 3 (003000-003FFFh) not protected from table reads executed in other
      +                           blocks
   814   30000C                     	org	3145740
   815   30000C  0F                 	db	15
   816                           
   817                           ;Config register CONFIG7H @ 0x30000D
   818                           ;	Boot Block Table Read Protection bit
   819                           ;	EBTRB = OFF, Boot Block (000000-0001FFh) not protected from table reads executed in ot
      +                          her blocks
   820   30000D                     	org	3145741
   821   30000D  40                 	db	64
   822                           tosu	equ	0xFFF
   823                           tosh	equ	0xFFE
   824                           tosl	equ	0xFFD
   825                           stkptr	equ	0xFFC
   826                           pclatu	equ	0xFFB
   827                           pclath	equ	0xFFA
   828                           pcl	equ	0xFF9
   829                           tblptru	equ	0xFF8
   830                           tblptrh	equ	0xFF7
   831                           tblptrl	equ	0xFF6
   832                           tablat	equ	0xFF5
   833                           prodh	equ	0xFF4
   834                           prodl	equ	0xFF3
   835                           indf0	equ	0xFEF
   836                           postinc0	equ	0xFEE
   837                           postdec0	equ	0xFED
   838                           preinc0	equ	0xFEC
   839                           plusw0	equ	0xFEB
   840                           fsr0h	equ	0xFEA
   841                           fsr0l	equ	0xFE9
   842                           wreg	equ	0xFE8
   843                           indf1	equ	0xFE7
   844                           postinc1	equ	0xFE6
   845                           postdec1	equ	0xFE5
   846                           preinc1	equ	0xFE4
   847                           plusw1	equ	0xFE3
   848                           fsr1h	equ	0xFE2
   849                           fsr1l	equ	0xFE1
   850                           bsr	equ	0xFE0
   851                           indf2	equ	0xFDF
   852                           postinc2	equ	0xFDE
   853                           postdec2	equ	0xFDD
   854                           preinc2	equ	0xFDC
   855                           plusw2	equ	0xFDB
   856                           fsr2h	equ	0xFDA
   857                           fsr2l	equ	0xFD9
   858                           status	equ	0xFD8

Data Sizes:
    Strings     0
    Constant    0
    Data        0
    BSS         0
    Persistent  0
    Stack       0

Auto Spaces:
    Space          Size  Autos    Used
    COMRAM           95     14      14
    BANK0           160      0       0
    BANK1           256      0       0
    BANK2           256      0       0

Pointer List with Targets:

    None.

Critical Paths under _main in COMRAM

    _main->_DisplayNum
    _DisplayNum->___awdiv

Critical Paths under _main in BANK0

    None.

Critical Paths under _main in BANK1

    None.

Critical Paths under _main in BANK2

    None.

Call Graph Tables:

 ---------------------------------------------------------------------------------
 (Depth) Function   	        Calls       Base Space   Used Autos Params    Refs
 ---------------------------------------------------------------------------------
 (0) _main                                                 3     3      0    1319
                                             11 COMRAM     3     3      0
                         _DisplayNum
                            ___awdiv
                            ___awmod
 ---------------------------------------------------------------------------------
 (1) ___awmod                                              6     2      4     448
                                              0 COMRAM     6     2      4
 ---------------------------------------------------------------------------------
 (1) ___awdiv                                              8     4      4     452
                                              0 COMRAM     8     4      4
 ---------------------------------------------------------------------------------
 (1) _DisplayNum                                           3     2      1     350
                                              8 COMRAM     3     2      1
                            ___awdiv (ARG)
                            ___awmod (ARG)
 ---------------------------------------------------------------------------------
 Estimated maximum stack depth 1
 ---------------------------------------------------------------------------------

 Call Graph Graphs:

 _main (ROOT)
   _DisplayNum
     ___awdiv (ARG)
     ___awmod (ARG)
   ___awdiv
   ___awmod

 Address spaces:
Name               Size   Autos  Total    Cost      Usage
BITCOMRAM           5F      0       0       0        0.0%
EEDATA             100      0       0       0        0.0%
NULL                 0      0       0       0        0.0%
CODE                 0      0       0       0        0.0%
COMRAM              5F      E       E       1       14.7%
STACK                0      0       0       2        0.0%
BITBANK0            A0      0       0       3        0.0%
BANK0               A0      0       0       4        0.0%
BITBANK1           100      0       0       5        0.0%
BANK1              100      0       0       6        0.0%
BITBANK2           100      0       0       7        0.0%
BANK2              100      0       0       8        0.0%
BITBIGSFRh          6C      0       0       9        0.0%
BITBIGSFRlh         11      0       0      10        0.0%
BITBIGSFRll         21      0       0      11        0.0%
ABS                  0      0       0      12        0.0%
BIGRAM             2FF      0       0      13        0.0%
DATA                 0      0       0      14        0.0%
BIGSFR               0      0       0     200        0.0%
BITSFR               0      0       0     200        0.0%
SFR                  0      0       0     200        0.0%


Microchip Technology PIC18 Macro Assembler V2.46 build 20240104201356 
Symbol Table                                                                                   Sun Mar 03 23:07:37 2024

                     l22 03F4             ___awdiv@sign 0006                      l256 04B8  
                    l269 0568                      l800 0314                      l802 0384  
                    l810 0410                      l820 0436                      l812 0414  
                    l804 03F6                      l830 046C                      l822 0448  
                    l814 0422                      l806 03FA                      l832 0482  
                    l824 0450                      l840 0498                      l816 042A  
                    l808 0408                      l842 04A8                      l834 048A  
                    l826 0458                      l818 042E                      l850 04BE  
                    l844 04B0                      l836 048C                      l828 0466  
                    l860 04EE                      l852 04CC                      l838 0492  
                    l870 0534                      l862 0500                      l854 04D4  
                    l880 0560                      l872 053C                      l864 0508  
                    l856 04D8                      l848 04BA                      l874 0542  
                    l866 0510                      l858 04E6                      l890 0586  
                    l868 051E                      l876 0548                      l892 058A  
                    l884 056A                      l798 0304                      l878 0558  
                    l894 05A6                      l886 0572                      l896 05C2  
                    l888 0574                      u200 0482                      u201 047E  
                    u210 04A8                      u211 04A4                      u220 04CC  
                    u221 04C8                      u150 0314                      u230 04E6  
                    u151 0310                      u231 04E2                      u160 0408  
                    u240 0500                      u161 0404                      u241 04FC  
                    u170 0422                      u250 051E                      u171 041E  
                    u251 051A                      u180 0448                      u260 0534  
                    u181 0444                      u261 0530                      u190 0466  
                    u270 0558                      u191 0462                      u271 0554  
                    u280 0586                      u281 0582                      u297 05CC  
           ___awmod@sign 0006                      wreg 0FE8                     _main 056A  
                   start 0000             ___param_bank 0000                    ?_main 0001  
        __end_of___awdiv 04BA          __end_of___awmod 056A          ___awdiv@divisor 0003  
        ___awdiv@counter 0005                    _TRISB 0F93               _DisplayNum 0302  
                  status 0FD8          __initialization 05E4             __end_of_main 05E4  
                 ??_main 000C            __activetblptr 0000         ___awdiv@dividend 0001  
              ??___awdiv 0005                ??___awmod 0005         ___awdiv@quotient 0007  
        ___awmod@divisor 0003                   isa$std 0001          ___awmod@counter 0005  
           __mediumconst 0000              ?_DisplayNum 0009               __accesstop 0060  
__end_of__initialization 05E4            ___rparam_used 0001           __pcstackCOMRAM 0001  
                __Hparam 0000                  __Lparam 0000                  ___awdiv 03F6  
                ___awmod 04BA             __psmallconst 0300                  __pcinit 05E4  
                __ramtop 0300                  __ptext0 056A                  __ptext1 04BA  
                __ptext2 03F6                  __ptext3 0302         ___awmod@dividend 0001  
   end_of_initialization 05E4                _PORTBbits 0F81             ??_DisplayNum 000A  
        DisplayNum@digit 0009       __end_of_DisplayNum 03F6      start_initialization 05E4  
               ?___awdiv 0001                 ?___awmod 0001              __smallconst 0300  
              main@count 000E                 __Hrparam 0000                 __Lrparam 0000  
               isa$xinst 0000            DisplayNum@num 000B  
