

Microchip MPLAB XC8 Assembler V2.46 build 20240104201356 
                                                                                               Tue Mar 12 20:03:53 2024

Microchip MPLAB XC8 C Compiler v2.46 (Free license) build 20240104201356 Og1 
     1                           	processor	18F4431
     2                           	fnconf	rparam,??,?,0
     3                           	pagewidth 120
     4                           	opt	flic
     5                           	psect	cinit,global,reloc=2,class=CODE,delta=1
     6                           	psect	bssCOMRAM,global,class=COMRAM,space=1,delta=1,lowdata,noexec
     7                           	psect	cstackCOMRAM,global,class=COMRAM,space=1,delta=1,lowdata,noexec
     8                           	psect	text0,global,reloc=2,class=CODE,delta=1
     9                           	psect	text1,global,reloc=2,class=CODE,delta=1
    10                           	psect	intcode,global,reloc=2,class=CODE,delta=1
    11                           	psect	smallconst,global,reloc=2,class=SMALLCONST,delta=1,noexec
    12                           	psect	intsave_regs,global,class=BIGRAM,space=1,delta=1,noexec
    13                           	psect	rparam,global,class=COMRAM,space=1,delta=1,noexec
    14                           	psect	temp,global,ovrld,common,class=COMRAM,space=1,delta=1,lowdata
    15                           	psect	config,global,abs,ovrld,class=CONFIG,space=4,delta=1,noexec
    16   000000                     
    17                           ; Generated 17/10/2023 GMT
    18                           ; 
    19                           ; Copyright © 2023, Microchip Technology Inc. and its subsidiaries ("Microchip")
    20                           ; All rights reserved.
    21                           ; 
    22                           ; This software is developed by Microchip Technology Inc. and its subsidiaries ("Microch
      +                          ip").
    23                           ; 
    24                           ; Redistribution and use in source and binary forms, with or without modification, are
    25                           ; permitted provided that the following conditions are met:
    26                           ; 
    27                           ;     1. Redistributions of source code must retain the above copyright notice, this lis
      +                          t of
    28                           ;        conditions and the following disclaimer.
    29                           ; 
    30                           ;     2. Redistributions in binary form must reproduce the above copyright notice, this 
      +                          list
    31                           ;        of conditions and the following disclaimer in the documentation and/or other
    32                           ;        materials provided with the distribution. Publication is not required when
    33                           ;        this file is used in an embedded application.
    34                           ; 
    35                           ;     3. Microchip's name may not be used to endorse or promote products derived from th
      +                          is
    36                           ;        software without specific prior written permission.
    37                           ; 
    38                           ; THIS SOFTWARE IS PROVIDED BY MICROCHIP "AS IS" AND ANY EXPRESS OR IMPLIED WARRANTIES,
    39                           ; INCLUDING, BUT NOT LIMITED TO, THE IMPLIED WARRANTIES OF MERCHANTABILITY AND FITNESS F
      +                          OR
    40                           ; PURPOSE ARE DISCLAIMED.  IN NO EVENT SHALL MICROCHIP BE LIABLE FOR ANY DIRECT, INDIREC
      +                          T,
    41                           ; INCIDENTAL, SPECIAL, EXEMPLARY, OR CONSEQUENTIAL DAMAGES (INCLUDING BUT NOT LIMITED TO
    42                           ; PROCUREMENT OF SUBSTITUTE GOODS OR SERVICES; LOSS OF USE, DATA OR PROFITS; OR BUSINESS
    43                           ; INTERRUPTION) HOWSOEVER CAUSED AND ON ANY THEORY OF LIABILITY, WHETHER IN CONTRACT, ST
      +                          RICT
    44                           ; LIABILITY, OR TORT (INCLUDING NEGLIGENCE OR OTHERWISE) ARISING IN ANY WAY OUT OF THE U
      +                          SE OF
    45                           ; THIS SOFTWARE, EVEN IF ADVISED OF THE POSSIBILITY OF SUCH DAMAGE.
    46                           ; 
    47                           ; 
    48                           ; Code-generator required, PIC18F4431 Definitions
    49                           ; 
    50                           ; SFR Addresses
    51   000000                     _TRISCbits	set	3988
    52   000000                     _TRISD	set	3989
    53   000000                     _SSPSTATbits	set	4039
    54   000000                     _SSPCONbits	set	4038
    55   000000                     _SSPCON1	set	4038
    56   000000                     _PORTB	set	3969
    57   000000                     _PORTD	set	3971
    58   000000                     _TRISB	set	3987
    59   000000                     _PIE1bits	set	3997
    60   000000                     _PIR1bits	set	3998
    61   000000                     _SSPCON	set	4038
    62   000000                     _SSPSTAT	set	4039
    63   000000                     _SSPBUF	set	4041
    64   000000                     _INTCONbits	set	4082
    65   000000                     _SSPADD	set	4040
    66                           
    67                           ; #config settings
    68                           
    69                           	psect	cinit
    70   00033E                     __pcinit:
    71                           	callstack 0
    72   00033E                     start_initialization:
    73                           	callstack 0
    74   00033E                     __initialization:
    75                           	callstack 0
    76                           
    77                           ; Clear objects allocated to COMRAM (2 bytes)
    78   00033E  6A02               	clrf	(__pbssCOMRAM+1)& (0+255),c
    79   000340  6A01               	clrf	__pbssCOMRAM& (0+255),c
    80   000342                     end_of_initialization:
    81                           	callstack 0
    82   000342                     __end_of__initialization:
    83                           	callstack 0
    84   000342  9005               	bcf	int$flags,0,c	;clear compiler interrupt flag (level 1)
    85   000344  9205               	bcf	int$flags,1,c	;clear compiler interrupt flag (level 2)
    86   000346  0100               	movlb	0
    87   000348  EF81  F001         	goto	_main	;jump to C main() function
    88                           
    89                           	psect	bssCOMRAM
    90   000001                     __pbssCOMRAM:
    91                           	callstack 0
    92   000001                     _z:
    93                           	callstack 0
    94   000001                     	ds	2
    95                           
    96                           	psect	cstackCOMRAM
    97   000003                     __pcstackCOMRAM:
    98                           	callstack 0
    99   000003                     I2C_Slave_Init@address:
   100                           	callstack 0
   101                           
   102                           ; 2 bytes @ 0x0
   103   000003                     	ds	2
   104   000005                     
   105                           ; 1 bytes @ 0x2
   106 ;;
   107 ;;Main: autosize = 0, tempsize = 0, incstack = 0, save=0
   108 ;;
   109 ;; *************** function _main *****************
   110 ;; Defined at:
   111 ;;		line 105 in file "main.c"
   112 ;; Parameters:    Size  Location     Type
   113 ;;		None
   114 ;; Auto vars:     Size  Location     Type
   115 ;;		None
   116 ;; Return value:  Size  Location     Type
   117 ;;                  1    wreg      void 
   118 ;; Registers used:
   119 ;;		wreg, status,2, cstack
   120 ;; Tracked objects:
   121 ;;		On entry : 0/0
   122 ;;		On exit  : 0/0
   123 ;;		Unchanged: 0/0
   124 ;; Data sizes:     COMRAM   BANK0   BANK1   BANK2
   125 ;;      Params:         0       0       0       0
   126 ;;      Locals:         0       0       0       0
   127 ;;      Temps:          0       0       0       0
   128 ;;      Totals:         0       0       0       0
   129 ;;Total ram usage:        0 bytes
   130 ;; Hardware stack levels required when called: 2
   131 ;; This function calls:
   132 ;;		_I2C_Slave_Init
   133 ;; This function is called by:
   134 ;;		Startup code after reset
   135 ;; This function uses a non-reentrant model
   136 ;;
   137                           
   138                           	psect	text0
   139   000302                     __ptext0:
   140                           	callstack 0
   141   000302                     _main:
   142                           	callstack 29
   143   000302                     
   144                           ;main.c: 108:     TRISB = 0xFF;
   145   000302  6893               	setf	147,c	;volatile
   146   000304                     
   147                           ;main.c: 110:     TRISD = 0;
   148   000304  0E00               	movlw	0
   149   000306  6E95               	movwf	149,c	;volatile
   150                           
   151                           ;main.c: 112:     PORTD = 0;
   152   000308  0E00               	movlw	0
   153   00030A  6E83               	movwf	131,c	;volatile
   154   00030C                     
   155                           ;main.c: 114:     I2C_Slave_Init(0x20);
   156   00030C  0E00               	movlw	0
   157   00030E  6E04               	movwf	(I2C_Slave_Init@address+1)^0,c
   158   000310  0E20               	movlw	32
   159   000312  6E03               	movwf	I2C_Slave_Init@address^0,c
   160   000314  EC90  F001         	call	_I2C_Slave_Init	;wreg free
   161   000318                     l39:
   162   000318  EF8C  F001         	goto	l39
   163   00031C  EF5D  F000         	goto	start
   164   000320                     __end_of_main:
   165                           	callstack 0
   166                           
   167 ;; *************** function _I2C_Slave_Init *****************
   168 ;; Defined at:
   169 ;;		line 119 in file "main.c"
   170 ;; Parameters:    Size  Location     Type
   171 ;;  address         2    0[COMRAM] short 
   172 ;; Auto vars:     Size  Location     Type
   173 ;;		None
   174 ;; Return value:  Size  Location     Type
   175 ;;                  1    wreg      void 
   176 ;; Registers used:
   177 ;;		wreg, status,2
   178 ;; Tracked objects:
   179 ;;		On entry : 0/0
   180 ;;		On exit  : 0/0
   181 ;;		Unchanged: 0/0
   182 ;; Data sizes:     COMRAM   BANK0   BANK1   BANK2
   183 ;;      Params:         2       0       0       0
   184 ;;      Locals:         0       0       0       0
   185 ;;      Temps:          0       0       0       0
   186 ;;      Totals:         2       0       0       0
   187 ;;Total ram usage:        2 bytes
   188 ;; Hardware stack levels used: 1
   189 ;; Hardware stack levels required when called: 1
   190 ;; This function calls:
   191 ;;		Nothing
   192 ;; This function is called by:
   193 ;;		_main
   194 ;; This function uses a non-reentrant model
   195 ;;
   196                           
   197                           	psect	text1
   198   000320                     __ptext1:
   199                           	callstack 0
   200   000320                     _I2C_Slave_Init:
   201                           	callstack 29
   202   000320                     
   203                           ;main.c: 119: void I2C_Slave_Init(short address);main.c: 120: {;main.c: 122:     SSPSTAT
      +                           = 0x80;
   204   000320  0E80               	movlw	128
   205   000322  6EC7               	movwf	199,c	;volatile
   206   000324                     
   207                           ;main.c: 124:     SSPADD = address;
   208   000324  C003  FFC8         	movff	I2C_Slave_Init@address,4040	;volatile
   209                           
   210                           ;main.c: 127:     SSPCON = 0x36;
   211   000328  0E36               	movlw	54
   212   00032A  6EC6               	movwf	198,c	;volatile
   213                           
   214                           ;main.c: 129:     SSPCON1 = 0x01;
   215   00032C  0E01               	movlw	1
   216   00032E  6EC6               	movwf	198,c	;volatile
   217   000330                     
   218                           ;main.c: 131:     TRISCbits.TRISC3 = 1;
   219   000330  8694               	bsf	148,3,c	;volatile
   220   000332                     
   221                           ;main.c: 132:     TRISCbits.TRISC4 = 1;
   222   000332  8894               	bsf	148,4,c	;volatile
   223   000334                     
   224                           ;main.c: 134:     INTCONbits.GIE = 1;
   225   000334  8EF2               	bsf	242,7,c	;volatile
   226   000336                     
   227                           ;main.c: 136:     INTCONbits.PEIE = 1;
   228   000336  8CF2               	bsf	242,6,c	;volatile
   229   000338                     
   230                           ;main.c: 138:     PIR1bits.SSPIF = 0;
   231   000338  969E               	bcf	158,3,c	;volatile
   232   00033A                     
   233                           ;main.c: 140:     PIE1bits.SSPIE = 1;
   234   00033A  869D               	bsf	157,3,c	;volatile
   235   00033C  0012               	return		;funcret
   236   00033E                     __end_of_I2C_Slave_Init:
   237                           	callstack 0
   238                           
   239 ;; *************** function _I2C_Slave_Read *****************
   240 ;; Defined at:
   241 ;;		line 143 in file "main.c"
   242 ;; Parameters:    Size  Location     Type
   243 ;;		None
   244 ;; Auto vars:     Size  Location     Type
   245 ;;		None
   246 ;; Return value:  Size  Location     Type
   247 ;;                  1    wreg      void 
   248 ;; Registers used:
   249 ;;		None
   250 ;; Tracked objects:
   251 ;;		On entry : 0/0
   252 ;;		On exit  : 0/0
   253 ;;		Unchanged: 0/0
   254 ;; Data sizes:     COMRAM   BANK0   BANK1   BANK2
   255 ;;      Params:         0       0       0       0
   256 ;;      Locals:         0       0       0       0
   257 ;;      Temps:          0       0       0       0
   258 ;;      Totals:         0       0       0       0
   259 ;;Total ram usage:        0 bytes
   260 ;; Hardware stack levels used: 1
   261 ;; This function calls:
   262 ;;		Nothing
   263 ;; This function is called by:
   264 ;;		Interrupt level 2
   265 ;; This function uses a non-reentrant model
   266 ;;
   267                           
   268                           	psect	intcode
   269   000008                     __pintcode:
   270                           	callstack 0
   271   000008                     _I2C_Slave_Read:
   272                           	callstack 29
   273                           
   274                           ;incstack = 0
   275   000008  8205               	bsf	int$flags,1,c	;set compiler interrupt flag (level 2)
   276   00000A                     
   277                           ;main.c: 146:     if(PIR1bits.SSPIF == 1)
   278   00000A  A69E               	btfss	158,3,c	;volatile
   279   00000C  EF0A  F000         	goto	i2u1_41
   280   000010  EF0C  F000         	goto	i2u1_40
   281   000014                     i2u1_41:
   282   000014  EF5B  F000         	goto	i2l63
   283   000018                     i2u1_40:
   284   000018                     
   285                           ;main.c: 147:     {;main.c: 149:         SSPCONbits.CKP = 0;
   286   000018  98C6               	bcf	198,4,c	;volatile
   287                           
   288                           ;main.c: 151:         if((SSPCONbits.SSPOV) || (SSPCONbits.WCOL))
   289   00001A  BCC6               	btfsc	198,6,c	;volatile
   290   00001C  EF12  F000         	goto	i2u2_41
   291   000020  EF14  F000         	goto	i2u2_40
   292   000024                     i2u2_41:
   293   000024  EF1B  F000         	goto	i2l53
   294   000028                     i2u2_40:
   295   000028  AEC6               	btfss	198,7,c	;volatile
   296   00002A  EF19  F000         	goto	i2u3_41
   297   00002E  EF1B  F000         	goto	i2u3_40
   298   000032                     i2u3_41:
   299   000032  EF21  F000         	goto	i2l51
   300   000036                     i2u3_40:
   301   000036                     i2l53:
   302                           
   303                           ;main.c: 152:         {;main.c: 154:             z = SSPBUF;
   304   000036  CFC9 F001          	movff	4041,_z	;volatile
   305   00003A  6A02               	clrf	(_z+1)^0,c
   306                           
   307                           ;main.c: 156:             SSPCONbits.SSPOV = 0;
   308   00003C  9CC6               	bcf	198,6,c	;volatile
   309                           
   310                           ;main.c: 158:             SSPCONbits.WCOL = 0;
   311   00003E  9EC6               	bcf	198,7,c	;volatile
   312                           
   313                           ;main.c: 160:             SSPCONbits.CKP = 1;
   314   000040  88C6               	bsf	198,4,c	;volatile
   315   000042                     i2l51:
   316                           
   317                           ;main.c: 163:         if(!SSPSTATbits.D_nA && !SSPSTATbits.R_nW)
   318   000042  BAC7               	btfsc	199,5,c	;volatile
   319   000044  EF26  F000         	goto	i2u4_41
   320   000048  EF28  F000         	goto	i2u4_40
   321   00004C                     i2u4_41:
   322   00004C  EF3E  F000         	goto	i2l54
   323   000050                     i2u4_40:
   324   000050  B4C7               	btfsc	199,2,c	;volatile
   325   000052  EF2D  F000         	goto	i2u5_41
   326   000056  EF2F  F000         	goto	i2u5_40
   327   00005A                     i2u5_41:
   328   00005A  EF3E  F000         	goto	i2l54
   329   00005E                     i2u5_40:
   330   00005E                     
   331                           ;main.c: 164:         {;main.c: 165:             z = SSPBUF;
   332   00005E  CFC9 F001          	movff	4041,_z	;volatile
   333   000062  6A02               	clrf	(_z+1)^0,c
   334   000064                     i2l55:
   335   000064  A0C7               	btfss	199,0,c	;volatile
   336   000066  EF37  F000         	goto	i2u6_41
   337   00006A  EF39  F000         	goto	i2u6_40
   338   00006E                     i2u6_41:
   339   00006E  EF32  F000         	goto	i2l55
   340   000072                     i2u6_40:
   341   000072                     
   342                           ;main.c: 167:             PORTD = SSPBUF;
   343   000072  CFC9 FF83          	movff	4041,3971	;volatile
   344                           
   345                           ;main.c: 168:             SSPCONbits.CKP = 1;
   346   000076  88C6               	bsf	198,4,c	;volatile
   347                           
   348                           ;main.c: 169:         }
   349   000078  EF5A  F000         	goto	i2l58
   350   00007C                     i2l54:
   351   00007C  BAC7               	btfsc	199,5,c	;volatile
   352   00007E  EF43  F000         	goto	i2u7_41
   353   000082  EF45  F000         	goto	i2u7_40
   354   000086                     i2u7_41:
   355   000086  EF5A  F000         	goto	i2l58
   356   00008A                     i2u7_40:
   357   00008A  B4C7               	btfsc	199,2,c	;volatile
   358   00008C  EF4A  F000         	goto	i2u8_41
   359   000090  EF4C  F000         	goto	i2u8_40
   360   000094                     i2u8_41:
   361   000094  EF5A  F000         	goto	i2l58
   362   000098                     i2u8_40:
   363   000098                     
   364                           ;main.c: 172:         {;main.c: 173:             z = SSPBUF;
   365   000098  CFC9 F001          	movff	4041,_z	;volatile
   366   00009C  6A02               	clrf	(_z+1)^0,c
   367                           
   368                           ;main.c: 174:             SSPSTATbits.BF = 0;
   369   00009E  90C7               	bcf	199,0,c	;volatile
   370                           
   371                           ;main.c: 175:             SSPBUF = PORTB;
   372   0000A0  CF81 FFC9          	movff	3969,4041	;volatile
   373                           
   374                           ;main.c: 176:             SSPCONbits.CKP = 1;
   375   0000A4  88C6               	bsf	198,4,c	;volatile
   376   0000A6                     i2l60:
   377   0000A6  B0C7               	btfsc	199,0,c	;volatile
   378   0000A8  EF58  F000         	goto	i2u9_41
   379   0000AC  EF5A  F000         	goto	i2u9_40
   380   0000B0                     i2u9_41:
   381   0000B0  EF53  F000         	goto	i2l60
   382   0000B4                     i2u9_40:
   383   0000B4                     i2l58:
   384                           
   385                           ;main.c: 179:         PIR1bits.SSPIF = 0;
   386   0000B4  969E               	bcf	158,3,c	;volatile
   387   0000B6                     i2l63:
   388   0000B6  9205               	bcf	int$flags,1,c	;clear compiler interrupt flag (level 2)
   389   0000B8  0011               	retfie		f
   390   0000BA                     __end_of_I2C_Slave_Read:
   391                           	callstack 0
   392                           
   393                           	psect	smallconst
   394   000300                     __psmallconst:
   395                           	callstack 0
   396   000300  00                 	db	0
   397   000301  00                 	db	0	; dummy byte at the end
   398   000000                     
   399                           	psect	rparam
   400   000000                     
   401                           	psect	temp
   402   000005                     btemp:
   403                           	callstack 0
   404   000005                     	ds	1
   405   000000                     int$flags	set	btemp
   406   000000                     wtemp8	set	btemp+1
   407   000000                     ttemp5	set	btemp+1
   408   000000                     ttemp6	set	btemp+4
   409   000000                     ttemp7	set	btemp+8
   410                           
   411                           	psect	config
   412                           
   413                           ; Padding undefined space
   414   300000                     	org	3145728
   415   300000  FF                 	db	255
   416                           
   417                           ;Config register CONFIG1H @ 0x300001
   418                           ;	Oscillator Selection bits
   419                           ;	OSC = IRC, Internal oscillator block, CLKO function on RA6 and port function on RA7
   420                           ;	Fail-Safe Clock Monitor Enable bit
   421                           ;	FCMEN = ON, Fail-Safe Clock Monitor enabled
   422                           ;	Internal External Oscillator Switchover bit
   423                           ;	IESO = ON, Internal External Switchover mode enabled
   424   300001                     	org	3145729
   425   300001  C9                 	db	201
   426                           
   427                           ;Config register CONFIG2L @ 0x300002
   428                           ;	Power-up Timer Enable bit
   429                           ;	PWRTEN = OFF, PWRT disabled
   430                           ;	Brown-out Reset Enable bits
   431                           ;	BOREN = ON, Brown-out Reset enabled
   432                           ;	Brown Out Reset Voltage bits
   433                           ;	BORV = 0x3, unprogrammed default
   434   300002                     	org	3145730
   435   300002  0F                 	db	15
   436                           
   437                           ;Config register CONFIG2H @ 0x300003
   438                           ;	Watchdog Timer Enable bit
   439                           ;	WDTEN = ON, WDT enabled
   440                           ;	Watchdog Timer Postscale Select bits
   441                           ;	WDPS = 32768, 1:32768
   442                           ;	Watchdog Timer Window Enable bit
   443                           ;	WINEN = OFF, WDT window disabled
   444   300003                     	org	3145731
   445   300003  3F                 	db	63
   446                           
   447                           ;Config register CONFIG3L @ 0x300004
   448                           ;	PWM output pins Reset state control
   449                           ;	PWMPIN = OFF, PWM outputs disabled upon Reset (default)
   450                           ;	Low-Side Transistors Polarity
   451                           ;	LPOL = HIGH, PWM0, 2, 4 and 6 are active-high
   452                           ;	High-Side Transistors Polarity
   453                           ;	HPOL = HIGH, PWM1, 3, 5 and 7 are active-high
   454                           ;	Timer1 Oscillator MUX
   455                           ;	T1OSCMX = ON, Low-power Timer1 operation when microcontroller is in Sleep mode
   456   300004                     	org	3145732
   457   300004  3C                 	db	60
   458                           
   459                           ;Config register CONFIG3H @ 0x300005
   460                           ;	FLTA MUX bit
   461                           ;	FLTAMX = RC1, FLTA input is multiplexed with RC1
   462                           ;	SSP I/O MUX bit
   463                           ;	SSPMX = RC7, SCK/SCL clocks and SDA/SDI data are multiplexed with RC5 and RC4, respect
      +                          ively. SDO output is multiplexed with RC7.
   464                           ;	PWM4 MUX bit
   465                           ;	PWM4MX = RB5, PWM4 output is multiplexed with RB5
   466                           ;	TMR0/T5CKI External clock MUX bit
   467                           ;	EXCLKMX = RC3, TMR0/T5CKI external clock input is multiplexed with RC3
   468                           ;	MCLR Pin Enable bit
   469                           ;	MCLRE = ON, Enabled
   470   300005                     	org	3145733
   471   300005  9D                 	db	157
   472                           
   473                           ;Config register CONFIG4L @ 0x300006
   474                           ;	Stack Full/Underflow Reset Enable bit
   475                           ;	STVREN = ON, Stack full/underflow will cause Reset
   476                           ;	Low-Voltage ICSP Enable bit
   477                           ;	LVP = ON, Low-voltage ICSP enabled
   478                           ;	Background Debugger Enable bit
   479                           ;	DEBUG = 0x1, unprogrammed default
   480   300006                     	org	3145734
   481   300006  85                 	db	133
   482                           
   483                           ; Padding undefined space
   484   300007                     	org	3145735
   485   300007  FF                 	db	255
   486                           
   487                           ;Config register CONFIG5L @ 0x300008
   488                           ;	Code Protection bit
   489                           ;	CP0 = OFF, Block 0 (000200-000FFFh) not code-protected
   490                           ;	Code Protection bit
   491                           ;	CP1 = OFF, Block 1 (001000-001FFF) not code-protected
   492                           ;	Code Protection bit
   493                           ;	CP2 = OFF, Block 2 (002000-002FFFh) not code-protected
   494                           ;	Code Protection bit
   495                           ;	CP3 = OFF, Block 3 (003000-003FFFh) not code-protected
   496   300008                     	org	3145736
   497   300008  0F                 	db	15
   498                           
   499                           ;Config register CONFIG5H @ 0x300009
   500                           ;	Boot Block Code Protection bit
   501                           ;	CPB = OFF, Boot Block (000000-0001FFh) not code-protected
   502                           ;	Data EEPROM Code Protection bit
   503                           ;	CPD = OFF, Data EEPROM not code-protected
   504   300009                     	org	3145737
   505   300009  C0                 	db	192
   506                           
   507                           ;Config register CONFIG6L @ 0x30000A
   508                           ;	Write Protection bit
   509                           ;	WRT0 = OFF, Block 0 (000200-000FFFh) not write-protected
   510                           ;	Write Protection bit
   511                           ;	WRT1 = OFF, Block 1 (001000-001FFF) not write-protected
   512                           ;	Write Protection bit
   513                           ;	WRT2 = OFF, Block 2 (002000-002FFFh) not write-protected
   514                           ;	Write Protection bit
   515                           ;	WRT3 = OFF, Block 3 (003000-003FFFh) not write-protected
   516   30000A                     	org	3145738
   517   30000A  0F                 	db	15
   518                           
   519                           ;Config register CONFIG6H @ 0x30000B
   520                           ;	Configuration Register Write Protection bit
   521                           ;	WRTC = OFF, Configuration registers (300000-3000FFh) not write-protected
   522                           ;	Boot Block Write Protection bit
   523                           ;	WRTB = OFF, Boot Block (000000-0001FFh) not write-protected
   524                           ;	Data EEPROM Write Protection bit
   525                           ;	WRTD = OFF, Data EEPROM not write-protected
   526   30000B                     	org	3145739
   527   30000B  E0                 	db	224
   528                           
   529                           ;Config register CONFIG7L @ 0x30000C
   530                           ;	Table Read Protection bit
   531                           ;	EBTR0 = OFF, Block 0 (000200-000FFFh) not protected from table reads executed in other
      +                           blocks
   532                           ;	Table Read Protection bit
   533                           ;	EBTR1 = OFF, Block 1 (001000-001FFF) not protected from table reads executed in other 
      +                          blocks
   534                           ;	Table Read Protection bit
   535                           ;	EBTR2 = OFF, Block 2 (002000-002FFFh) not protected from table reads executed in other
      +                           blocks
   536                           ;	Table Read Protection bit
   537                           ;	EBTR3 = OFF, Block 3 (003000-003FFFh) not protected from table reads executed in other
      +                           blocks
   538   30000C                     	org	3145740
   539   30000C  0F                 	db	15
   540                           
   541                           ;Config register CONFIG7H @ 0x30000D
   542                           ;	Boot Block Table Read Protection bit
   543                           ;	EBTRB = OFF, Boot Block (000000-0001FFh) not protected from table reads executed in ot
      +                          her blocks
   544   30000D                     	org	3145741
   545   30000D  40                 	db	64
   546                           tosu	equ	0xFFF
   547                           tosh	equ	0xFFE
   548                           tosl	equ	0xFFD
   549                           stkptr	equ	0xFFC
   550                           pclatu	equ	0xFFB
   551                           pclath	equ	0xFFA
   552                           pcl	equ	0xFF9
   553                           tblptru	equ	0xFF8
   554                           tblptrh	equ	0xFF7
   555                           tblptrl	equ	0xFF6
   556                           tablat	equ	0xFF5
   557                           prodh	equ	0xFF4
   558                           prodl	equ	0xFF3
   559                           indf0	equ	0xFEF
   560                           postinc0	equ	0xFEE
   561                           postdec0	equ	0xFED
   562                           preinc0	equ	0xFEC
   563                           plusw0	equ	0xFEB
   564                           fsr0h	equ	0xFEA
   565                           fsr0l	equ	0xFE9
   566                           wreg	equ	0xFE8
   567                           indf1	equ	0xFE7
   568                           postinc1	equ	0xFE6
   569                           postdec1	equ	0xFE5
   570                           preinc1	equ	0xFE4
   571                           plusw1	equ	0xFE3
   572                           fsr1h	equ	0xFE2
   573                           fsr1l	equ	0xFE1
   574                           bsr	equ	0xFE0
   575                           indf2	equ	0xFDF
   576                           postinc2	equ	0xFDE
   577                           postdec2	equ	0xFDD
   578                           preinc2	equ	0xFDC
   579                           plusw2	equ	0xFDB
   580                           fsr2h	equ	0xFDA
   581                           fsr2l	equ	0xFD9
   582                           status	equ	0xFD8

Data Sizes:
    Strings     0
    Constant    0
    Data        0
    BSS         2
    Persistent  0
    Stack       0

Auto Spaces:
    Space          Size  Autos    Used
    COMRAM           94      2       4
    BANK0           160      0       0
    BANK1           256      0       0
    BANK2           256      0       0

Pointer List with Targets:

    None.

Critical Paths under _main in COMRAM

    _main->_I2C_Slave_Init

Critical Paths under _I2C_Slave_Read in COMRAM

    None.

Critical Paths under _main in BANK0

    None.

Critical Paths under _I2C_Slave_Read in BANK0

    None.

Critical Paths under _main in BANK1

    None.

Critical Paths under _I2C_Slave_Read in BANK1

    None.

Critical Paths under _main in BANK2

    None.

Critical Paths under _I2C_Slave_Read in BANK2

    None.

Call Graph Tables:

 ---------------------------------------------------------------------------------
 (Depth) Function   	        Calls       Base Space   Used Autos Params    Refs
 ---------------------------------------------------------------------------------
 (0) _main                                                 0     0      0      98
                     _I2C_Slave_Init
 ---------------------------------------------------------------------------------
 (1) _I2C_Slave_Init                                       2     0      2      98
                                              0 COMRAM     2     0      2
 ---------------------------------------------------------------------------------
 Estimated maximum stack depth 1
 ---------------------------------------------------------------------------------
 (Depth) Function   	        Calls       Base Space   Used Autos Params    Refs
 ---------------------------------------------------------------------------------
 (2) _I2C_Slave_Read                                       0     0      0       0
 ---------------------------------------------------------------------------------
 Estimated maximum stack depth 2
 ---------------------------------------------------------------------------------

 Call Graph Graphs:

 _main (ROOT)
   _I2C_Slave_Init

 _I2C_Slave_Read (ROOT)

 Address spaces:
Name               Size   Autos  Total    Cost      Usage
BIGRAM             2FF      0       0      17        0.0%
EEDATA             100      0       0       0        0.0%
BITBANK2           100      0       0       7        0.0%
BANK2              100      0       0       8        0.0%
BITBANK1           100      0       0       5        0.0%
BANK1              100      0       0       6        0.0%
BITBANK0            A0      0       0       3        0.0%
BANK0               A0      0       0       4        0.0%
BITCOMRAM           5E      0       0       0        0.0%
COMRAM              5E      2       4       1        4.3%
BITBIGSFRhhhl       28      0       0      10        0.0%
BITBIGSFRhhlh       27      0       0      11        0.0%
BITBIGSFRlll        21      0       0      15        0.0%
BITBIGSFRlh          F      0       0      13        0.0%
BITBIGSFRhhhh        D      0       0       9        0.0%
BITBIGSFRhhll        7      0       0      12        0.0%
BITBIGSFRllh         1      0       0      14        0.0%
BIGSFR               0      0       0     200        0.0%
BITSFR               0      0       0     200        0.0%
SFR                  0      0       0     200        0.0%
STACK                0      0       0       2        0.0%
NULL                 0      0       0       0        0.0%
ABS                  0      0       4      16        0.0%
DATA                 0      0       4      18        0.0%
CODE                 0      0       0       0        0.0%


Microchip Technology PIC18 Macro Assembler V2.46 build 20240104201356 
Symbol Table                                                                                   Tue Mar 12 20:03:53 2024

                      _z 0001              _SSPSTATbits 0FC7                       l40 0318  
                     l45 033C                       l39 0318                      l781 0332  
                    l783 0334                      l775 0320                      l791 0302  
                    l785 0336                      l777 0324                      l793 0304  
                    l787 0338                      l779 0330                      l795 030C  
                    l789 033A                     i2l51 0042                     i2l60 00A6  
                   i2l53 0036                     i2l54 007C                     i2l55 0064  
                   i2l63 00B6                     i2l57 0072                     i2l58 00B4  
                   _main 0302                     btemp 0005                     start 00BA  
           ___param_bank 0000                    ?_main 0003                    i2l761 000A  
                  i2l771 008A                    i2l763 0018                    i2l773 0098  
                  i2l765 0028                    i2l767 0050                    i2l769 005E  
                  _PORTB 0F81                    _PORTD 0F83                    _TRISB 0F93  
                  _TRISD 0F95                    ttemp5 0006                    ttemp6 0009  
                  ttemp7 000D                    wtemp8 0006          __initialization 033E  
           __end_of_main 0320                   ??_main 0005            __activetblptr 0000  
                 i2u1_40 0018                   i2u1_41 0014                   i2u2_40 0028  
                 i2u2_41 0024                   i2u3_40 0036                   i2u3_41 0032  
                 i2u4_40 0050                   i2u4_41 004C                   i2u5_40 005E  
                 i2u5_41 005A                   i2u6_40 0072                   i2u6_41 006E  
                 i2u7_40 008A                   i2u7_41 0086                   _SSPADD 0FC8  
                 i2u8_40 0098                   i2u8_41 0094                   i2u9_40 00B4  
                 i2u9_41 00B0                   _SSPBUF 0FC9                   _SSPCON 0FC6  
                 isa$std 0001             __mediumconst 0000               __accesstop 0060  
__end_of__initialization 0342            ___rparam_used 0001           __pcstackCOMRAM 0003  
  I2C_Slave_Init@address 0003                  _SSPCON1 0FC6                  _SSPSTAT 0FC7  
                __Hparam 0000                  __Lparam 0000             __psmallconst 0300  
                __pcinit 033E                  __ramtop 0300                  __ptext0 0302  
                __ptext1 0320     end_of_initialization 0342           _I2C_Slave_Init 0320  
         _I2C_Slave_Read 0008                _TRISCbits 0F94   __end_of_I2C_Slave_Init 033E  
 __end_of_I2C_Slave_Read 00BA      start_initialization 033E          ?_I2C_Slave_Init 0003  
        ?_I2C_Slave_Read 0003              __pbssCOMRAM 0001                __pintcode 0008  
            __smallconst 0300                 _PIE1bits 0F9D                 _PIR1bits 0F9E  
               __Hrparam 0000                 __Lrparam 0000         ??_I2C_Slave_Init 0005  
       ??_I2C_Slave_Read 0003                 isa$xinst 0000                 int$flags 0005  
             _INTCONbits 0FF2                 intlevel2 0000               _SSPCONbits 0FC6  
