

Microchip MPLAB XC8 Assembler V2.46 build 20240104201356 
                                                                                               Wed Mar 13 23:59:39 2024

Microchip MPLAB XC8 C Compiler v2.46 (Free license) build 20240104201356 Og1 
     1                           	processor	16F877A
     2                           	pagewidth 120
     3                           	opt	flic
     4                           	psect	cinit,global,class=CODE,merge=1,delta=2
     5                           	psect	cstackCOMMON,global,class=COMMON,space=1,delta=1,noexec
     6                           	psect	cstackBANK0,global,class=BANK0,space=1,delta=1,noexec
     7                           	psect	maintext,global,class=CODE,split=1,delta=2
     8                           	psect	text1,local,class=CODE,merge=1,delta=2
     9                           	psect	text2,local,class=CODE,merge=1,delta=2
    10                           	psect	text3,local,class=CODE,merge=1,delta=2
    11                           	psect	text4,local,class=CODE,merge=1,delta=2
    12                           	psect	text5,local,class=CODE,merge=1,delta=2
    13                           	psect	text6,local,class=CODE,merge=1,delta=2
    14                           	psect	text7,local,class=CODE,merge=1,delta=2,group=1
    15                           	psect	config,global,abs,ovrld,class=CONFIG,space=4,delta=2,noexec
    16                           	dabs	1,0x7E,2
    17     0000                     
    18                           ; Generated 12/10/2023 GMT
    19                           ; 
    20                           ; Copyright © 2023, Microchip Technology Inc. and its subsidiaries ("Microchip")
    21                           ; All rights reserved.
    22                           ; 
    23                           ; This software is developed by Microchip Technology Inc. and its subsidiaries ("Microch
      +                          ip").
    24                           ; 
    25                           ; Redistribution and use in source and binary forms, with or without modification, are
    26                           ; permitted provided that the following conditions are met:
    27                           ; 
    28                           ;     1. Redistributions of source code must retain the above copyright notice, this lis
      +                          t of
    29                           ;        conditions and the following disclaimer.
    30                           ; 
    31                           ;     2. Redistributions in binary form must reproduce the above copyright notice, this 
      +                          list
    32                           ;        of conditions and the following disclaimer in the documentation and/or other
    33                           ;        materials provided with the distribution. Publication is not required when
    34                           ;        this file is used in an embedded application.
    35                           ; 
    36                           ;     3. Microchip's name may not be used to endorse or promote products derived from th
      +                          is
    37                           ;        software without specific prior written permission.
    38                           ; 
    39                           ; THIS SOFTWARE IS PROVIDED BY MICROCHIP "AS IS" AND ANY EXPRESS OR IMPLIED WARRANTIES,
    40                           ; INCLUDING, BUT NOT LIMITED TO, THE IMPLIED WARRANTIES OF MERCHANTABILITY AND FITNESS F
      +                          OR
    41                           ; PURPOSE ARE DISCLAIMED.  IN NO EVENT SHALL MICROCHIP BE LIABLE FOR ANY DIRECT, INDIREC
      +                          T,
    42                           ; INCIDENTAL, SPECIAL, EXEMPLARY, OR CONSEQUENTIAL DAMAGES (INCLUDING BUT NOT LIMITED TO
    43                           ; PROCUREMENT OF SUBSTITUTE GOODS OR SERVICES; LOSS OF USE, DATA OR PROFITS; OR BUSINESS
    44                           ; INTERRUPTION) HOWSOEVER CAUSED AND ON ANY THEORY OF LIABILITY, WHETHER IN CONTRACT, ST
      +                          RICT
    45                           ; LIABILITY, OR TORT (INCLUDING NEGLIGENCE OR OTHERWISE) ARISING IN ANY WAY OUT OF THE U
      +                          SE OF
    46                           ; THIS SOFTWARE, EVEN IF ADVISED OF THE POSSIBILITY OF SUCH DAMAGE.
    47                           ; 
    48                           ; 
    49                           ; Code-generator required, PIC16F877A Definitions
    50                           ; 
    51                           ; SFR Addresses
    52     0000                     	;# 
    53     0001                     	;# 
    54     0002                     	;# 
    55     0003                     	;# 
    56     0004                     	;# 
    57     0005                     	;# 
    58     0006                     	;# 
    59     0007                     	;# 
    60     0008                     	;# 
    61     0009                     	;# 
    62     000A                     	;# 
    63     000B                     	;# 
    64     000C                     	;# 
    65     000D                     	;# 
    66     000E                     	;# 
    67     000E                     	;# 
    68     000F                     	;# 
    69     0010                     	;# 
    70     0011                     	;# 
    71     0012                     	;# 
    72     0013                     	;# 
    73     0014                     	;# 
    74     0015                     	;# 
    75     0015                     	;# 
    76     0016                     	;# 
    77     0017                     	;# 
    78     0018                     	;# 
    79     0019                     	;# 
    80     001A                     	;# 
    81     001B                     	;# 
    82     001B                     	;# 
    83     001C                     	;# 
    84     001D                     	;# 
    85     001E                     	;# 
    86     001F                     	;# 
    87     0081                     	;# 
    88     0085                     	;# 
    89     0086                     	;# 
    90     0087                     	;# 
    91     0088                     	;# 
    92     0089                     	;# 
    93     008C                     	;# 
    94     008D                     	;# 
    95     008E                     	;# 
    96     0091                     	;# 
    97     0092                     	;# 
    98     0093                     	;# 
    99     0094                     	;# 
   100     0098                     	;# 
   101     0099                     	;# 
   102     009C                     	;# 
   103     009D                     	;# 
   104     009E                     	;# 
   105     009F                     	;# 
   106     010C                     	;# 
   107     010D                     	;# 
   108     010E                     	;# 
   109     010F                     	;# 
   110     018C                     	;# 
   111     018D                     	;# 
   112     0000                     	;# 
   113     0001                     	;# 
   114     0002                     	;# 
   115     0003                     	;# 
   116     0004                     	;# 
   117     0005                     	;# 
   118     0006                     	;# 
   119     0007                     	;# 
   120     0008                     	;# 
   121     0009                     	;# 
   122     000A                     	;# 
   123     000B                     	;# 
   124     000C                     	;# 
   125     000D                     	;# 
   126     000E                     	;# 
   127     000E                     	;# 
   128     000F                     	;# 
   129     0010                     	;# 
   130     0011                     	;# 
   131     0012                     	;# 
   132     0013                     	;# 
   133     0014                     	;# 
   134     0015                     	;# 
   135     0015                     	;# 
   136     0016                     	;# 
   137     0017                     	;# 
   138     0018                     	;# 
   139     0019                     	;# 
   140     001A                     	;# 
   141     001B                     	;# 
   142     001B                     	;# 
   143     001C                     	;# 
   144     001D                     	;# 
   145     001E                     	;# 
   146     001F                     	;# 
   147     0081                     	;# 
   148     0085                     	;# 
   149     0086                     	;# 
   150     0087                     	;# 
   151     0088                     	;# 
   152     0089                     	;# 
   153     008C                     	;# 
   154     008D                     	;# 
   155     008E                     	;# 
   156     0091                     	;# 
   157     0092                     	;# 
   158     0093                     	;# 
   159     0094                     	;# 
   160     0098                     	;# 
   161     0099                     	;# 
   162     009C                     	;# 
   163     009D                     	;# 
   164     009E                     	;# 
   165     009F                     	;# 
   166     010C                     	;# 
   167     010D                     	;# 
   168     010E                     	;# 
   169     010F                     	;# 
   170     018C                     	;# 
   171     018D                     	;# 
   172     0013                     _SSPBUF	set	19
   173     0014                     _SSPCON	set	20
   174     0006                     _PORTB	set	6
   175     0008                     _PORTD	set	8
   176     0091                     _SSPCON2bits	set	145
   177     0094                     _SSPSTATbits	set	148
   178     0087                     _TRISCbits	set	135
   179     0094                     _SSPSTAT	set	148
   180     0093                     _SSPADD	set	147
   181     0091                     _SSPCON2	set	145
   182     0088                     _TRISD	set	136
   183     0086                     _TRISB	set	134
   184                           
   185                           	psect	cinit
   186     07FC                     start_initialization:	
   187                           ; #config settings
   188                           
   189     07FC                     __initialization:
   190     07FC                     end_of_initialization:	
   191                           ;End of C runtime variable initialization code
   192                           
   193     07FC                     __end_of__initialization:
   194     07FC  0183               	clrf	3
   195     07FD  120A  118A  2F88   	ljmp	_main	;jump to C main() function
   196                           
   197                           	psect	cstackCOMMON
   198     0070                     __pcstackCOMMON:
   199     0070                     ?_I2C_Master_Start:
   200     0070                     ??_I2C_Master_Start:	
   201                           ; 1 bytes @ 0x0
   202                           
   203     0070                     ?_I2C_Master_Write:	
   204                           ; 1 bytes @ 0x0
   205                           
   206     0070                     ?_I2C_Master_Stop:	
   207                           ; 1 bytes @ 0x0
   208                           
   209     0070                     ??_I2C_Master_Stop:	
   210                           ; 1 bytes @ 0x0
   211                           
   212     0070                     ?_main:	
   213                           ; 1 bytes @ 0x0
   214                           
   215     0070                     ?_I2C_Master_Wait:	
   216                           ; 1 bytes @ 0x0
   217                           
   218     0070                     ??_I2C_Master_Wait:	
   219                           ; 1 bytes @ 0x0
   220                           
   221     0070                     ?_I2C_Master_Read:	
   222                           ; 1 bytes @ 0x0
   223                           
   224     0070                     ?___lldiv:	
   225                           ; 2 bytes @ 0x0
   226                           
   227     0070                     I2C_Master_Write@data:	
   228                           ; 4 bytes @ 0x0
   229                           
   230     0070                     ___lldiv@divisor:	
   231                           ; 2 bytes @ 0x0
   232                           
   233                           
   234                           ; 4 bytes @ 0x0
   235     0070                     	ds	2
   236     0072                     ??_I2C_Master_Write:
   237     0072                     ??_I2C_Master_Read:	
   238                           ; 1 bytes @ 0x2
   239                           
   240                           
   241                           ; 1 bytes @ 0x2
   242     0072                     	ds	2
   243     0074                     I2C_Master_Read@temp:
   244     0074                     ___lldiv@dividend:	
   245                           ; 2 bytes @ 0x4
   246                           
   247                           
   248                           ; 4 bytes @ 0x4
   249     0074                     	ds	4
   250     0078                     ??___lldiv:
   251                           
   252                           ; 1 bytes @ 0x8
   253     0078                     	ds	1
   254     0079                     ___lldiv@quotient:
   255                           
   256                           ; 4 bytes @ 0x9
   257     0079                     	ds	4
   258     007D                     ___lldiv@counter:
   259                           
   260                           ; 1 bytes @ 0xD
   261     007D                     	ds	1
   262                           
   263                           	psect	cstackBANK0
   264     0020                     __pcstackBANK0:
   265     0020                     ?_I2C_Master_Init:
   266     0020                     I2C_Master_Init@baud:	
   267                           ; 1 bytes @ 0x0
   268                           
   269                           
   270                           ; 4 bytes @ 0x0
   271     0020                     	ds	4
   272     0024                     ??_I2C_Master_Init:
   273                           
   274                           ; 1 bytes @ 0x4
   275     0024                     	ds	4
   276     0028                     ??_main:
   277                           
   278                           ; 1 bytes @ 0x8
   279     0028                     	ds	3
   280                           
   281                           	psect	maintext
   282     0788                     __pmaintext:	
   283 ;;
   284 ;;Main: autosize = 0, tempsize = 3, incstack = 0, save=0
   285 ;;
   286 ;; *************** function _main *****************
   287 ;; Defined at:
   288 ;;		line 54 in file "main.c"
   289 ;; Parameters:    Size  Location     Type
   290 ;;		None
   291 ;; Auto vars:     Size  Location     Type
   292 ;;		None
   293 ;; Return value:  Size  Location     Type
   294 ;;                  1    wreg      void 
   295 ;; Registers used:
   296 ;;		wreg, status,2, status,0, btemp+1, pclath, cstack
   297 ;; Tracked objects:
   298 ;;		On entry : B00/0
   299 ;;		On exit  : 0/0
   300 ;;		Unchanged: 0/0
   301 ;; Data sizes:     COMMON   BANK0   BANK1   BANK3   BANK2
   302 ;;      Params:         0       0       0       0       0
   303 ;;      Locals:         0       0       0       0       0
   304 ;;      Temps:          0       3       0       0       0
   305 ;;      Totals:         0       3       0       0       0
   306 ;;Total ram usage:        3 bytes
   307 ;; Hardware stack levels required when called: 2
   308 ;; This function calls:
   309 ;;		_I2C_Master_Init
   310 ;;		_I2C_Master_Read
   311 ;;		_I2C_Master_Start
   312 ;;		_I2C_Master_Stop
   313 ;;		_I2C_Master_Write
   314 ;; This function is called by:
   315 ;;		Startup code after reset
   316 ;; This function uses a non-reentrant model
   317 ;;
   318                           
   319     0788                     _main:	
   320                           ;psect for function _main
   321                           
   322     0788                     l764:	
   323                           ;incstack = 0
   324                           ; Regs used in _main: [wreg+status,2+status,0+btemp+1+pclath+cstack]
   325                           
   326                           
   327                           ;main.c: 57:     TRISB = 0xFF;
   328     0788  30FF               	movlw	255
   329     0789  1683               	bsf	3,5	;RP0=1, select bank1
   330     078A  1303               	bcf	3,6	;RP1=0, select bank1
   331     078B  0086               	movwf	6	;volatile
   332     078C                     l766:
   333                           
   334                           ;main.c: 59:     TRISD = 0;
   335     078C  0188               	clrf	8	;volatile
   336     078D                     l768:
   337                           
   338                           ;main.c: 61:     PORTD = 1;
   339     078D  3001               	movlw	1
   340     078E  1283               	bcf	3,5	;RP0=0, select bank0
   341     078F  1303               	bcf	3,6	;RP1=0, select bank0
   342     0790  0088               	movwf	8	;volatile
   343     0791                     l770:
   344                           
   345                           ;main.c: 63:     I2C_Master_Init(100000);
   346     0791  3000               	movlw	0
   347     0792  00A3               	movwf	I2C_Master_Init@baud+3
   348     0793  3001               	movlw	1
   349     0794  00A2               	movwf	I2C_Master_Init@baud+2
   350     0795  3086               	movlw	134
   351     0796  00A1               	movwf	I2C_Master_Init@baud+1
   352     0797  30A0               	movlw	160
   353     0798  00A0               	movwf	I2C_Master_Init@baud
   354     0799  120A  118A  26EA  120A  118A  	fcall	_I2C_Master_Init
   355     079E                     l772:
   356                           
   357                           ;main.c: 65:     {;main.c: 67:         I2C_Master_Start();
   358     079E  120A  118A  269E  120A  118A  	fcall	_I2C_Master_Start
   359     07A3                     l774:
   360                           
   361                           ;main.c: 69:         I2C_Master_Write(0x20);
   362     07A3  3020               	movlw	32
   363     07A4  00F0               	movwf	I2C_Master_Write@data
   364     07A5  3000               	movlw	0
   365     07A6  00F1               	movwf	I2C_Master_Write@data+1
   366     07A7  120A  118A  26B0  120A  118A  	fcall	_I2C_Master_Write
   367     07AC                     l776:
   368                           
   369                           ;main.c: 71:         I2C_Master_Write(PORTB);
   370     07AC  1283               	bcf	3,5	;RP0=0, select bank0
   371     07AD  1303               	bcf	3,6	;RP1=0, select bank0
   372     07AE  0806               	movf	6,w	;volatile
   373     07AF  00A8               	movwf	??_main
   374     07B0  01A9               	clrf	??_main+1
   375     07B1  0828               	movf	??_main,w
   376     07B2  00F0               	movwf	I2C_Master_Write@data
   377     07B3  0829               	movf	??_main+1,w
   378     07B4  00F1               	movwf	I2C_Master_Write@data+1
   379     07B5  120A  118A  26B0  120A  118A  	fcall	_I2C_Master_Write
   380     07BA                     l778:
   381                           
   382                           ;main.c: 73:         I2C_Master_Stop();
   383     07BA  120A  118A  26A7  120A  118A  	fcall	_I2C_Master_Stop
   384     07BF                     l780:
   385                           
   386                           ;main.c: 74:         _delay((unsigned long)((100)*(20000000/4000.0)));
   387     07BF  3003               	movlw	3
   388     07C0  1283               	bcf	3,5	;RP0=0, select bank0
   389     07C1  1303               	bcf	3,6	;RP1=0, select bank0
   390     07C2  00AA               	movwf	??_main+2
   391     07C3  308A               	movlw	138
   392     07C4  00A9               	movwf	??_main+1
   393     07C5  3055               	movlw	85
   394     07C6  00A8               	movwf	??_main
   395     07C7                     u197:
   396     07C7  0BA8               	decfsz	??_main,f
   397     07C8  2FC7               	goto	u197
   398     07C9  0BA9               	decfsz	??_main+1,f
   399     07CA  2FC7               	goto	u197
   400     07CB  0BAA               	decfsz	??_main+2,f
   401     07CC  2FC7               	goto	u197
   402     07CD                     l782:
   403                           
   404                           ;main.c: 77:         I2C_Master_Start();
   405     07CD  120A  118A  269E  120A  118A  	fcall	_I2C_Master_Start
   406     07D2                     l784:
   407                           
   408                           ;main.c: 79:         I2C_Master_Write(0x21);
   409     07D2  3021               	movlw	33
   410     07D3  00F0               	movwf	I2C_Master_Write@data
   411     07D4  3000               	movlw	0
   412     07D5  00F1               	movwf	I2C_Master_Write@data+1
   413     07D6  120A  118A  26B0  120A  118A  	fcall	_I2C_Master_Write
   414     07DB                     l786:
   415                           
   416                           ;main.c: 81:         PORTD = I2C_Master_Read();
   417     07DB  120A  118A  26C7  120A  118A  	fcall	_I2C_Master_Read
   418     07E0  0870               	movf	?_I2C_Master_Read,w
   419     07E1  1283               	bcf	3,5	;RP0=0, select bank0
   420     07E2  1303               	bcf	3,6	;RP1=0, select bank0
   421     07E3  0088               	movwf	8	;volatile
   422     07E4                     l788:
   423                           
   424                           ;main.c: 83:         I2C_Master_Stop();
   425     07E4  120A  118A  26A7  120A  118A  	fcall	_I2C_Master_Stop
   426     07E9                     l790:
   427                           
   428                           ;main.c: 84:         _delay((unsigned long)((1000)*(20000000/4000.0)));
   429     07E9  301A               	movlw	26
   430     07EA  1283               	bcf	3,5	;RP0=0, select bank0
   431     07EB  1303               	bcf	3,6	;RP1=0, select bank0
   432     07EC  00AA               	movwf	??_main+2
   433     07ED  305E               	movlw	94
   434     07EE  00A9               	movwf	??_main+1
   435     07EF  306D               	movlw	109
   436     07F0  00A8               	movwf	??_main
   437     07F1                     u207:
   438     07F1  0BA8               	decfsz	??_main,f
   439     07F2  2FF1               	goto	u207
   440     07F3  0BA9               	decfsz	??_main+1,f
   441     07F4  2FF1               	goto	u207
   442     07F5  0BAA               	decfsz	??_main+2,f
   443     07F6  2FF1               	goto	u207
   444     07F7  2FF8               	nop2
   445     07F8  2F9E               	goto	l772
   446     07F9  120A  118A  2800   	ljmp	start
   447     07FC                     __end_of_main:
   448                           
   449                           	psect	text1
   450     06B0                     __ptext1:	
   451 ;; *************** function _I2C_Master_Write *****************
   452 ;; Defined at:
   453 ;;		line 127 in file "main.c"
   454 ;; Parameters:    Size  Location     Type
   455 ;;  data            2    0[COMMON] unsigned int 
   456 ;; Auto vars:     Size  Location     Type
   457 ;;		None
   458 ;; Return value:  Size  Location     Type
   459 ;;                  1    wreg      void 
   460 ;; Registers used:
   461 ;;		wreg, status,2, status,0, pclath, cstack
   462 ;; Tracked objects:
   463 ;;		On entry : 0/0
   464 ;;		On exit  : 0/0
   465 ;;		Unchanged: 0/0
   466 ;; Data sizes:     COMMON   BANK0   BANK1   BANK3   BANK2
   467 ;;      Params:         2       0       0       0       0
   468 ;;      Locals:         0       0       0       0       0
   469 ;;      Temps:          0       0       0       0       0
   470 ;;      Totals:         2       0       0       0       0
   471 ;;Total ram usage:        2 bytes
   472 ;; Hardware stack levels used: 1
   473 ;; Hardware stack levels required when called: 1
   474 ;; This function calls:
   475 ;;		_I2C_Master_Wait
   476 ;; This function is called by:
   477 ;;		_main
   478 ;; This function uses a non-reentrant model
   479 ;;
   480                           
   481     06B0                     _I2C_Master_Write:	
   482                           ;psect for function _I2C_Master_Write
   483                           
   484     06B0                     l748:	
   485                           ;incstack = 0
   486                           ; Regs used in _I2C_Master_Write: [wreg+status,2+status,0+pclath+cstack]
   487                           
   488                           
   489                           ;main.c: 127: void I2C_Master_Write(unsigned data);main.c: 128: {;main.c: 129:     I2C_M
      +                          aster_Wait();
   490     06B0  120A  118A  26BA  120A  118A  	fcall	_I2C_Master_Wait
   491     06B5                     l750:
   492                           
   493                           ;main.c: 131:     SSPBUF = data;
   494     06B5  0870               	movf	I2C_Master_Write@data,w
   495     06B6  1283               	bcf	3,5	;RP0=0, select bank0
   496     06B7  1303               	bcf	3,6	;RP1=0, select bank0
   497     06B8  0093               	movwf	19	;volatile
   498     06B9                     l65:
   499     06B9  0008               	return
   500     06BA                     __end_of_I2C_Master_Write:
   501                           
   502                           	psect	text2
   503     06A7                     __ptext2:	
   504 ;; *************** function _I2C_Master_Stop *****************
   505 ;; Defined at:
   506 ;;		line 120 in file "main.c"
   507 ;; Parameters:    Size  Location     Type
   508 ;;		None
   509 ;; Auto vars:     Size  Location     Type
   510 ;;		None
   511 ;; Return value:  Size  Location     Type
   512 ;;                  1    wreg      void 
   513 ;; Registers used:
   514 ;;		wreg, status,2, status,0, pclath, cstack
   515 ;; Tracked objects:
   516 ;;		On entry : 0/0
   517 ;;		On exit  : 0/0
   518 ;;		Unchanged: 0/0
   519 ;; Data sizes:     COMMON   BANK0   BANK1   BANK3   BANK2
   520 ;;      Params:         0       0       0       0       0
   521 ;;      Locals:         0       0       0       0       0
   522 ;;      Temps:          0       0       0       0       0
   523 ;;      Totals:         0       0       0       0       0
   524 ;;Total ram usage:        0 bytes
   525 ;; Hardware stack levels used: 1
   526 ;; Hardware stack levels required when called: 1
   527 ;; This function calls:
   528 ;;		_I2C_Master_Wait
   529 ;; This function is called by:
   530 ;;		_main
   531 ;; This function uses a non-reentrant model
   532 ;;
   533                           
   534     06A7                     _I2C_Master_Stop:	
   535                           ;psect for function _I2C_Master_Stop
   536                           
   537     06A7                     l662:	
   538                           ;incstack = 0
   539                           ; Regs used in _I2C_Master_Stop: [wreg+status,2+status,0+pclath+cstack]
   540                           
   541                           
   542                           ;main.c: 122:     I2C_Master_Wait();
   543     06A7  120A  118A  26BA  120A  118A  	fcall	_I2C_Master_Wait
   544     06AC                     l664:
   545                           
   546                           ;main.c: 124:     SSPCON2bits.PEN = 1;
   547     06AC  1683               	bsf	3,5	;RP0=1, select bank1
   548     06AD  1303               	bcf	3,6	;RP1=0, select bank1
   549     06AE  1511               	bsf	17,2	;volatile
   550     06AF                     l62:
   551     06AF  0008               	return
   552     06B0                     __end_of_I2C_Master_Stop:
   553                           
   554                           	psect	text3
   555     069E                     __ptext3:	
   556 ;; *************** function _I2C_Master_Start *****************
   557 ;; Defined at:
   558 ;;		line 106 in file "main.c"
   559 ;; Parameters:    Size  Location     Type
   560 ;;		None
   561 ;; Auto vars:     Size  Location     Type
   562 ;;		None
   563 ;; Return value:  Size  Location     Type
   564 ;;                  1    wreg      void 
   565 ;; Registers used:
   566 ;;		wreg, status,2, status,0, pclath, cstack
   567 ;; Tracked objects:
   568 ;;		On entry : 0/0
   569 ;;		On exit  : 0/0
   570 ;;		Unchanged: 0/0
   571 ;; Data sizes:     COMMON   BANK0   BANK1   BANK3   BANK2
   572 ;;      Params:         0       0       0       0       0
   573 ;;      Locals:         0       0       0       0       0
   574 ;;      Temps:          0       0       0       0       0
   575 ;;      Totals:         0       0       0       0       0
   576 ;;Total ram usage:        0 bytes
   577 ;; Hardware stack levels used: 1
   578 ;; Hardware stack levels required when called: 1
   579 ;; This function calls:
   580 ;;		_I2C_Master_Wait
   581 ;; This function is called by:
   582 ;;		_main
   583 ;; This function uses a non-reentrant model
   584 ;;
   585                           
   586     069E                     _I2C_Master_Start:	
   587                           ;psect for function _I2C_Master_Start
   588                           
   589     069E                     l654:	
   590                           ;incstack = 0
   591                           ; Regs used in _I2C_Master_Start: [wreg+status,2+status,0+pclath+cstack]
   592                           
   593                           
   594                           ;main.c: 108:     I2C_Master_Wait();
   595     069E  120A  118A  26BA  120A  118A  	fcall	_I2C_Master_Wait
   596     06A3                     l656:
   597                           
   598                           ;main.c: 110:     SSPCON2bits.SEN = 1;
   599     06A3  1683               	bsf	3,5	;RP0=1, select bank1
   600     06A4  1303               	bcf	3,6	;RP1=0, select bank1
   601     06A5  1411               	bsf	17,0	;volatile
   602     06A6                     l56:
   603     06A6  0008               	return
   604     06A7                     __end_of_I2C_Master_Start:
   605                           
   606                           	psect	text4
   607     06C7                     __ptext4:	
   608 ;; *************** function _I2C_Master_Read *****************
   609 ;; Defined at:
   610 ;;		line 134 in file "main.c"
   611 ;; Parameters:    Size  Location     Type
   612 ;;		None
   613 ;; Auto vars:     Size  Location     Type
   614 ;;  temp            2    4[COMMON] unsigned short 
   615 ;; Return value:  Size  Location     Type
   616 ;;                  2    0[COMMON] unsigned short 
   617 ;; Registers used:
   618 ;;		wreg, status,2, status,0, pclath, cstack
   619 ;; Tracked objects:
   620 ;;		On entry : 0/0
   621 ;;		On exit  : 0/0
   622 ;;		Unchanged: 0/0
   623 ;; Data sizes:     COMMON   BANK0   BANK1   BANK3   BANK2
   624 ;;      Params:         2       0       0       0       0
   625 ;;      Locals:         2       0       0       0       0
   626 ;;      Temps:          2       0       0       0       0
   627 ;;      Totals:         6       0       0       0       0
   628 ;;Total ram usage:        6 bytes
   629 ;; Hardware stack levels used: 1
   630 ;; Hardware stack levels required when called: 1
   631 ;; This function calls:
   632 ;;		_I2C_Master_Wait
   633 ;; This function is called by:
   634 ;;		_main
   635 ;; This function uses a non-reentrant model
   636 ;;
   637                           
   638     06C7                     _I2C_Master_Read:	
   639                           ;psect for function _I2C_Master_Read
   640                           
   641     06C7                     l752:	
   642                           ;incstack = 0
   643                           ; Regs used in _I2C_Master_Read: [wreg+status,2+status,0+pclath+cstack]
   644                           
   645                           
   646                           ;main.c: 136:     unsigned short temp;;main.c: 137:     I2C_Master_Wait();
   647     06C7  120A  118A  26BA  120A  118A  	fcall	_I2C_Master_Wait
   648     06CC                     l754:
   649                           
   650                           ;main.c: 139:     SSPCON2bits.RCEN = 1;
   651     06CC  1683               	bsf	3,5	;RP0=1, select bank1
   652     06CD  1303               	bcf	3,6	;RP1=0, select bank1
   653     06CE  1591               	bsf	17,3	;volatile
   654                           
   655                           ;main.c: 140:     I2C_Master_Wait();
   656     06CF  120A  118A  26BA  120A  118A  	fcall	_I2C_Master_Wait
   657     06D4                     l756:
   658                           
   659                           ;main.c: 142:     temp = SSPBUF;
   660     06D4  1283               	bcf	3,5	;RP0=0, select bank0
   661     06D5  1303               	bcf	3,6	;RP1=0, select bank0
   662     06D6  0813               	movf	19,w	;volatile
   663     06D7  00F2               	movwf	??_I2C_Master_Read
   664     06D8  01F3               	clrf	??_I2C_Master_Read+1
   665     06D9  0872               	movf	??_I2C_Master_Read,w
   666     06DA  00F4               	movwf	I2C_Master_Read@temp
   667     06DB  0873               	movf	??_I2C_Master_Read+1,w
   668     06DC  00F5               	movwf	I2C_Master_Read@temp+1
   669     06DD                     l758:
   670                           
   671                           ;main.c: 143:     I2C_Master_Wait();
   672     06DD  120A  118A  26BA  120A  118A  	fcall	_I2C_Master_Wait
   673     06E2                     l760:
   674                           
   675                           ;main.c: 145:     SSPCON2bits.ACKEN = 1;
   676     06E2  1683               	bsf	3,5	;RP0=1, select bank1
   677     06E3  1303               	bcf	3,6	;RP1=0, select bank1
   678     06E4  1611               	bsf	17,4	;volatile
   679                           
   680                           ;main.c: 146:     return temp;
   681     06E5  0875               	movf	I2C_Master_Read@temp+1,w
   682     06E6  00F1               	movwf	?_I2C_Master_Read+1
   683     06E7  0874               	movf	I2C_Master_Read@temp,w
   684     06E8  00F0               	movwf	?_I2C_Master_Read
   685     06E9                     l68:
   686     06E9  0008               	return
   687     06EA                     __end_of_I2C_Master_Read:
   688                           
   689                           	psect	text5
   690     06BA                     __ptext5:	
   691 ;; *************** function _I2C_Master_Wait *****************
   692 ;; Defined at:
   693 ;;		line 100 in file "main.c"
   694 ;; Parameters:    Size  Location     Type
   695 ;;		None
   696 ;; Auto vars:     Size  Location     Type
   697 ;;		None
   698 ;; Return value:  Size  Location     Type
   699 ;;                  1    wreg      void 
   700 ;; Registers used:
   701 ;;		wreg, status,2
   702 ;; Tracked objects:
   703 ;;		On entry : 0/0
   704 ;;		On exit  : 0/0
   705 ;;		Unchanged: 0/0
   706 ;; Data sizes:     COMMON   BANK0   BANK1   BANK3   BANK2
   707 ;;      Params:         0       0       0       0       0
   708 ;;      Locals:         0       0       0       0       0
   709 ;;      Temps:          0       0       0       0       0
   710 ;;      Totals:         0       0       0       0       0
   711 ;;Total ram usage:        0 bytes
   712 ;; Hardware stack levels used: 1
   713 ;; This function calls:
   714 ;;		Nothing
   715 ;; This function is called by:
   716 ;;		_I2C_Master_Start
   717 ;;		_I2C_Master_Stop
   718 ;;		_I2C_Master_Write
   719 ;;		_I2C_Master_Read
   720 ;;		_I2C_Master_RepeatedStart
   721 ;; This function uses a non-reentrant model
   722 ;;
   723                           
   724     06BA                     _I2C_Master_Wait:	
   725                           ;psect for function _I2C_Master_Wait
   726                           
   727     06BA                     l612:	
   728                           ;incstack = 0
   729                           ; Regs used in _I2C_Master_Wait: [wreg+status,2]
   730                           
   731     06BA                     l50:	
   732                           ;main.c: 103:     while((SSPSTATbits.R_W) || (SSPCON2 & 0x1F));
   733                           
   734     06BA  1683               	bsf	3,5	;RP0=1, select bank1
   735     06BB  1303               	bcf	3,6	;RP1=0, select bank1
   736     06BC  1914               	btfsc	20,2	;volatile
   737     06BD  2EBF               	goto	u11
   738     06BE  2EC0               	goto	u10
   739     06BF                     u11:
   740     06BF  2EBA               	goto	l50
   741     06C0                     u10:
   742     06C0                     l614:
   743     06C0  0811               	movf	17,w	;volatile
   744     06C1  391F               	andlw	31
   745     06C2  1D03               	btfss	3,2
   746     06C3  2EC5               	goto	u21
   747     06C4  2EC6               	goto	u20
   748     06C5                     u21:
   749     06C5  2EBA               	goto	l50
   750     06C6                     u20:
   751     06C6                     l53:
   752     06C6  0008               	return
   753     06C7                     __end_of_I2C_Master_Wait:
   754                           
   755                           	psect	text6
   756     06EA                     __ptext6:	
   757 ;; *************** function _I2C_Master_Init *****************
   758 ;; Defined at:
   759 ;;		line 87 in file "main.c"
   760 ;; Parameters:    Size  Location     Type
   761 ;;  baud            4    0[BANK0 ] unsigned long 
   762 ;; Auto vars:     Size  Location     Type
   763 ;;		None
   764 ;; Return value:  Size  Location     Type
   765 ;;                  1    wreg      void 
   766 ;; Registers used:
   767 ;;		wreg, status,2, status,0, btemp+1, pclath, cstack
   768 ;; Tracked objects:
   769 ;;		On entry : 0/0
   770 ;;		On exit  : 0/0
   771 ;;		Unchanged: 0/0
   772 ;; Data sizes:     COMMON   BANK0   BANK1   BANK3   BANK2
   773 ;;      Params:         0       4       0       0       0
   774 ;;      Locals:         0       0       0       0       0
   775 ;;      Temps:          0       4       0       0       0
   776 ;;      Totals:         0       8       0       0       0
   777 ;;Total ram usage:        8 bytes
   778 ;; Hardware stack levels used: 1
   779 ;; Hardware stack levels required when called: 1
   780 ;; This function calls:
   781 ;;		___lldiv
   782 ;; This function is called by:
   783 ;;		_main
   784 ;; This function uses a non-reentrant model
   785 ;;
   786                           
   787     06EA                     _I2C_Master_Init:	
   788                           ;psect for function _I2C_Master_Init
   789                           
   790     06EA                     l736:	
   791                           ;incstack = 0
   792                           ; Regs used in _I2C_Master_Init: [wreg+status,2+status,0+btemp+1+pclath+cstack]
   793                           
   794                           
   795                           ;main.c: 87: void I2C_Master_Init(unsigned long baud);main.c: 88: {;main.c: 90:     SSPC
      +                          ON = 0b00101000;
   796     06EA  3028               	movlw	40
   797     06EB  1283               	bcf	3,5	;RP0=0, select bank0
   798     06EC  1303               	bcf	3,6	;RP1=0, select bank0
   799     06ED  0094               	movwf	20	;volatile
   800     06EE                     l738:
   801                           
   802                           ;main.c: 91:     SSPCON2 = 0;
   803     06EE  1683               	bsf	3,5	;RP0=1, select bank1
   804     06EF  1303               	bcf	3,6	;RP1=0, select bank1
   805     06F0  0191               	clrf	17	;volatile
   806     06F1                     l740:
   807                           
   808                           ;main.c: 93:     SSPADD = (20000000/(4*baud)) - 1;
   809     06F1  1283               	bcf	3,5	;RP0=0, select bank0
   810     06F2  1303               	bcf	3,6	;RP1=0, select bank0
   811     06F3  0820               	movf	I2C_Master_Init@baud,w
   812     06F4  00A4               	movwf	??_I2C_Master_Init
   813     06F5  0821               	movf	I2C_Master_Init@baud+1,w
   814     06F6  00A5               	movwf	??_I2C_Master_Init+1
   815     06F7  0822               	movf	I2C_Master_Init@baud+2,w
   816     06F8  00A6               	movwf	??_I2C_Master_Init+2
   817     06F9  0823               	movf	I2C_Master_Init@baud+3,w
   818     06FA  00A7               	movwf	??_I2C_Master_Init+3
   819     06FB  3002               	movlw	2
   820     06FC                     u185:
   821     06FC  1003               	clrc
   822     06FD  0DA4               	rlf	??_I2C_Master_Init,f
   823     06FE  0DA5               	rlf	??_I2C_Master_Init+1,f
   824     06FF  0DA6               	rlf	??_I2C_Master_Init+2,f
   825     0700  0DA7               	rlf	??_I2C_Master_Init+3,f
   826     0701                     u180:
   827     0701  3EFF               	addlw	-1
   828     0702  1D03               	skipz
   829     0703  2EFC               	goto	u185
   830     0704  0827               	movf	??_I2C_Master_Init+3,w
   831     0705  00F3               	movwf	___lldiv@divisor+3
   832     0706  0826               	movf	??_I2C_Master_Init+2,w
   833     0707  00F2               	movwf	___lldiv@divisor+2
   834     0708  0825               	movf	??_I2C_Master_Init+1,w
   835     0709  00F1               	movwf	___lldiv@divisor+1
   836     070A  0824               	movf	??_I2C_Master_Init,w
   837     070B  00F0               	movwf	___lldiv@divisor
   838     070C  3001               	movlw	1
   839     070D  00F7               	movwf	___lldiv@dividend+3
   840     070E  3031               	movlw	49
   841     070F  00F6               	movwf	___lldiv@dividend+2
   842     0710  302D               	movlw	45
   843     0711  00F5               	movwf	___lldiv@dividend+1
   844     0712  3000               	movlw	0
   845     0713  00F4               	movwf	___lldiv@dividend
   846     0714  120A  118A  2722  120A  118A  	fcall	___lldiv
   847     0719  0870               	movf	?___lldiv,w
   848     071A  3EFF               	addlw	255
   849     071B  1683               	bsf	3,5	;RP0=1, select bank1
   850     071C  1303               	bcf	3,6	;RP1=0, select bank1
   851     071D  0093               	movwf	19	;volatile
   852     071E                     l742:
   853                           
   854                           ;main.c: 94:     SSPSTAT = 0;
   855     071E  0194               	clrf	20	;volatile
   856     071F                     l744:
   857                           
   858                           ;main.c: 96:     TRISCbits.TRISC3 = 1;
   859     071F  1587               	bsf	7,3	;volatile
   860     0720                     l746:
   861                           
   862                           ;main.c: 97:     TRISCbits.TRISC4 = 1;
   863     0720  1607               	bsf	7,4	;volatile
   864     0721                     l47:
   865     0721  0008               	return
   866     0722                     __end_of_I2C_Master_Init:
   867                           
   868                           	psect	text7
   869     0722                     __ptext7:	
   870 ;; *************** function ___lldiv *****************
   871 ;; Defined at:
   872 ;;		line 5 in file "C:\Program Files\Microchip\xc8\v2.46\pic\sources\c99\common\__lldiv.c"
   873 ;; Parameters:    Size  Location     Type
   874 ;;  divisor         4    0[COMMON] unsigned long 
   875 ;;  dividend        4    4[COMMON] unsigned long 
   876 ;; Auto vars:     Size  Location     Type
   877 ;;  quotient        4    9[COMMON] unsigned long 
   878 ;;  counter         1   13[COMMON] unsigned char 
   879 ;; Return value:  Size  Location     Type
   880 ;;                  4    0[COMMON] unsigned long 
   881 ;; Registers used:
   882 ;;		wreg, status,2, status,0, btemp+1
   883 ;; Tracked objects:
   884 ;;		On entry : 0/0
   885 ;;		On exit  : 0/0
   886 ;;		Unchanged: 0/0
   887 ;; Data sizes:     COMMON   BANK0   BANK1   BANK3   BANK2
   888 ;;      Params:         8       0       0       0       0
   889 ;;      Locals:         5       0       0       0       0
   890 ;;      Temps:          1       0       0       0       0
   891 ;;      Totals:        14       0       0       0       0
   892 ;;Total ram usage:       14 bytes
   893 ;; Hardware stack levels used: 1
   894 ;; This function calls:
   895 ;;		Nothing
   896 ;; This function is called by:
   897 ;;		_I2C_Master_Init
   898 ;; This function uses a non-reentrant model
   899 ;;
   900                           
   901     0722                     ___lldiv:	
   902                           ;psect for function ___lldiv
   903                           
   904     0722                     l710:	
   905                           ;incstack = 0
   906                           ; Regs used in ___lldiv: [wreg+status,2+status,0+btemp+1]
   907                           
   908     0722  3000               	movlw	0
   909     0723  00FC               	movwf	___lldiv@quotient+3
   910     0724  3000               	movlw	0
   911     0725  00FB               	movwf	___lldiv@quotient+2
   912     0726  3000               	movlw	0
   913     0727  00FA               	movwf	___lldiv@quotient+1
   914     0728  3000               	movlw	0
   915     0729  00F9               	movwf	___lldiv@quotient
   916     072A  0873               	movf	___lldiv@divisor+3,w
   917     072B  0472               	iorwf	___lldiv@divisor+2,w
   918     072C  0471               	iorwf	___lldiv@divisor+1,w
   919     072D  0470               	iorwf	___lldiv@divisor,w
   920     072E  1903               	skipnz
   921     072F  2F31               	goto	u111
   922     0730  2F32               	goto	u110
   923     0731                     u111:
   924     0731  2F7F               	goto	l732
   925     0732                     u110:
   926     0732                     l712:
   927     0732  01FD               	clrf	___lldiv@counter
   928     0733  0AFD               	incf	___lldiv@counter,f
   929     0734  2F42               	goto	l718
   930     0735                     l714:
   931     0735  3001               	movlw	1
   932     0736  00F8               	movwf	??___lldiv
   933     0737                     u125:
   934     0737  1003               	clrc
   935     0738  0DF0               	rlf	___lldiv@divisor,f
   936     0739  0DF1               	rlf	___lldiv@divisor+1,f
   937     073A  0DF2               	rlf	___lldiv@divisor+2,f
   938     073B  0DF3               	rlf	___lldiv@divisor+3,f
   939     073C  0BF8               	decfsz	??___lldiv,f
   940     073D  2F37               	goto	u125
   941     073E                     l716:
   942     073E  3001               	movlw	1
   943     073F  00FF               	movwf	btemp+1
   944     0740  087F               	movf	btemp+1,w
   945     0741  07FD               	addwf	___lldiv@counter,f
   946     0742                     l718:
   947     0742  1FF3               	btfss	___lldiv@divisor+3,7
   948     0743  2F45               	goto	u131
   949     0744  2F46               	goto	u130
   950     0745                     u131:
   951     0745  2F35               	goto	l714
   952     0746                     u130:
   953     0746                     l720:
   954     0746  3001               	movlw	1
   955     0747  00F8               	movwf	??___lldiv
   956     0748                     u145:
   957     0748  1003               	clrc
   958     0749  0DF9               	rlf	___lldiv@quotient,f
   959     074A  0DFA               	rlf	___lldiv@quotient+1,f
   960     074B  0DFB               	rlf	___lldiv@quotient+2,f
   961     074C  0DFC               	rlf	___lldiv@quotient+3,f
   962     074D  0BF8               	decfsz	??___lldiv,f
   963     074E  2F48               	goto	u145
   964     074F                     l722:
   965     074F  0873               	movf	___lldiv@divisor+3,w
   966     0750  0277               	subwf	___lldiv@dividend+3,w
   967     0751  1D03               	skipz
   968     0752  2F5D               	goto	u155
   969     0753  0872               	movf	___lldiv@divisor+2,w
   970     0754  0276               	subwf	___lldiv@dividend+2,w
   971     0755  1D03               	skipz
   972     0756  2F5D               	goto	u155
   973     0757  0871               	movf	___lldiv@divisor+1,w
   974     0758  0275               	subwf	___lldiv@dividend+1,w
   975     0759  1D03               	skipz
   976     075A  2F5D               	goto	u155
   977     075B  0870               	movf	___lldiv@divisor,w
   978     075C  0274               	subwf	___lldiv@dividend,w
   979     075D                     u155:
   980     075D  1C03               	skipc
   981     075E  2F60               	goto	u151
   982     075F  2F61               	goto	u150
   983     0760                     u151:
   984     0760  2F70               	goto	l728
   985     0761                     u150:
   986     0761                     l724:
   987     0761  0870               	movf	___lldiv@divisor,w
   988     0762  02F4               	subwf	___lldiv@dividend,f
   989     0763  0871               	movf	___lldiv@divisor+1,w
   990     0764  1C03               	skipc
   991     0765  0F71               	incfsz	___lldiv@divisor+1,w
   992     0766  02F5               	subwf	___lldiv@dividend+1,f
   993     0767  0872               	movf	___lldiv@divisor+2,w
   994     0768  1C03               	skipc
   995     0769  0F72               	incfsz	___lldiv@divisor+2,w
   996     076A  02F6               	subwf	___lldiv@dividend+2,f
   997     076B  0873               	movf	___lldiv@divisor+3,w
   998     076C  1C03               	skipc
   999     076D  0F73               	incfsz	___lldiv@divisor+3,w
  1000     076E  02F7               	subwf	___lldiv@dividend+3,f
  1001     076F                     l726:
  1002     076F  1479               	bsf	___lldiv@quotient,0
  1003     0770                     l728:
  1004     0770  3001               	movlw	1
  1005     0771                     u165:
  1006     0771  1003               	clrc
  1007     0772  0CF3               	rrf	___lldiv@divisor+3,f
  1008     0773  0CF2               	rrf	___lldiv@divisor+2,f
  1009     0774  0CF1               	rrf	___lldiv@divisor+1,f
  1010     0775  0CF0               	rrf	___lldiv@divisor,f
  1011     0776  3EFF               	addlw	-1
  1012     0777  1D03               	skipz
  1013     0778  2F71               	goto	u165
  1014     0779                     l730:
  1015     0779  3001               	movlw	1
  1016     077A  02FD               	subwf	___lldiv@counter,f
  1017     077B  1D03               	btfss	3,2
  1018     077C  2F7E               	goto	u171
  1019     077D  2F7F               	goto	u170
  1020     077E                     u171:
  1021     077E  2F46               	goto	l720
  1022     077F                     u170:
  1023     077F                     l732:
  1024     077F  087C               	movf	___lldiv@quotient+3,w
  1025     0780  00F3               	movwf	?___lldiv+3
  1026     0781  087B               	movf	___lldiv@quotient+2,w
  1027     0782  00F2               	movwf	?___lldiv+2
  1028     0783  087A               	movf	___lldiv@quotient+1,w
  1029     0784  00F1               	movwf	?___lldiv+1
  1030     0785  0879               	movf	___lldiv@quotient,w
  1031     0786  00F0               	movwf	?___lldiv
  1032     0787                     l190:
  1033     0787  0008               	return
  1034     0788                     __end_of___lldiv:
  1035     007E                     btemp	set	126	;btemp
  1036     007E                     wtemp0	set	126
  1037                           
  1038                           	psect	config
  1039                           
  1040                           ;Config register CONFIG @ 0x2007
  1041                           ;	Oscillator Selection bits
  1042                           ;	FOSC = HS, HS oscillator
  1043                           ;	Watchdog Timer Enable bit
  1044                           ;	WDTE = ON, WDT enabled
  1045                           ;	Power-up Timer Enable bit
  1046                           ;	PWRTE = OFF, PWRT disabled
  1047                           ;	Brown-out Reset Enable bit
  1048                           ;	BOREN = ON, BOR enabled
  1049                           ;	Low-Voltage (Single-Supply) In-Circuit Serial Programming Enable bit
  1050                           ;	LVP = ON, RB3/PGM pin has PGM function; low-voltage programming enabled
  1051                           ;	Data EEPROM Memory Code Protection bit
  1052                           ;	CPD = OFF, Data EEPROM code protection off
  1053                           ;	Flash Program Memory Write Enable bits
  1054                           ;	WRT = OFF, Write protection off; all program memory may be written to by EECON control
  1055                           ;	In-Circuit Debugger Mode bit
  1056                           ;	DEBUG = 0x1, unprogrammed default
  1057                           ;	Flash Program Memory Code Protection bit
  1058                           ;	CP = OFF, Code protection off
  1059     2007                     	org	8199
  1060     2007  3FFE               	dw	16382

Data Sizes:
    Strings     0
    Constant    0
    Data        0
    BSS         0
    Persistent  0
    Stack       0

Auto Spaces:
    Space          Size  Autos    Used
    COMMON           14     14      14
    BANK0            80     11      11
    BANK1            80      0       0
    BANK3            96      0       0
    BANK2            96      0       0

Pointer List with Targets:

    None.

Critical Paths under _main in COMMON

    _I2C_Master_Init->___lldiv

Critical Paths under _main in BANK0

    _main->_I2C_Master_Init

Critical Paths under _main in BANK1

    None.

Critical Paths under _main in BANK3

    None.

Critical Paths under _main in BANK2

    None.

Call Graph Tables:

 ---------------------------------------------------------------------------------
 (Depth) Function   	        Calls       Base Space   Used Autos Params    Refs
 ---------------------------------------------------------------------------------
 (0) _main                                                 3     3      0     685
                                              8 BANK0      3     3      0
                    _I2C_Master_Init
                    _I2C_Master_Read
                   _I2C_Master_Start
                    _I2C_Master_Stop
                   _I2C_Master_Write
 ---------------------------------------------------------------------------------
 (1) _I2C_Master_Write                                     2     0      2     250
                                              0 COMMON     2     0      2
                    _I2C_Master_Wait
 ---------------------------------------------------------------------------------
 (1) _I2C_Master_Stop                                      0     0      0       0
                    _I2C_Master_Wait
 ---------------------------------------------------------------------------------
 (1) _I2C_Master_Start                                     0     0      0       0
                    _I2C_Master_Wait
 ---------------------------------------------------------------------------------
 (1) _I2C_Master_Read                                      6     4      2      23
                                              0 COMMON     6     4      2
                    _I2C_Master_Wait
 ---------------------------------------------------------------------------------
 (2) _I2C_Master_Wait                                      0     0      0       0
 ---------------------------------------------------------------------------------
 (1) _I2C_Master_Init                                      8     4      4     412
                                              0 BANK0      8     4      4
                            ___lldiv
 ---------------------------------------------------------------------------------
 (2) ___lldiv                                             14     6      8     314
                                              0 COMMON    14     6      8
 ---------------------------------------------------------------------------------
 Estimated maximum stack depth 2
 ---------------------------------------------------------------------------------

 Call Graph Graphs:

 _main (ROOT)
   _I2C_Master_Init
     ___lldiv
   _I2C_Master_Read
     _I2C_Master_Wait
   _I2C_Master_Start
     _I2C_Master_Wait
   _I2C_Master_Stop
     _I2C_Master_Wait
   _I2C_Master_Write
     _I2C_Master_Wait

 Address spaces:
Name               Size   Autos  Total    Cost      Usage
BITCOMMON            E      0       0       0        0.0%
EEDATA             100      0       0       0        0.0%
NULL                 0      0       0       0        0.0%
CODE                 0      0       0       0        0.0%
COMMON               E      E       E       1      100.0%
BITSFR0              0      0       0       1        0.0%
SFR0                 0      0       0       1        0.0%
BITSFR1              0      0       0       2        0.0%
SFR1                 0      0       0       2        0.0%
STACK                0      0       0       2        0.0%
ABS                  0      0       0       3        0.0%
BITBANK0            50      0       0       4        0.0%
BITSFR3              0      0       0       4        0.0%
SFR3                 0      0       0       4        0.0%
BANK0               50      B       B       5       13.8%
BITSFR2              0      0       0       5        0.0%
SFR2                 0      0       0       5        0.0%
BITBANK1            50      0       0       6        0.0%
BANK1               50      0       0       7        0.0%
BITBANK3            60      0       0       8        0.0%
BANK3               60      0       0       9        0.0%
BITBANK2            60      0       0      10        0.0%
BANK2               60      0       0      11        0.0%
DATA                 0      0       0      12        0.0%


Microchip Technology PIC Macro Assembler V2.46 build 20240104201356 
Symbol Table                                                                                   Wed Mar 13 23:59:39 2024

             _SSPSTATbits 0094                        l50 06BA                        l53 06C6  
                      l62 06AF                        l47 0721                        l56 06A6  
                      l65 06B9                        l68 06E9                        u10 06C0  
                      u11 06BF                        u20 06C6                        u21 06C5  
                     l190 0787                       l612 06BA                       l710 0722  
                     l614 06C0                       l720 0746                       l712 0732  
                     l730 0779                       l722 074F                       l714 0735  
                     l724 0761                       l716 073E                       l732 077F  
                     l740 06F1                       l726 076F                       l718 0742  
                     l742 071E                       l654 069E                       l662 06A7  
                     l750 06B5                       l728 0770                       l744 071F  
                     l736 06EA                       l760 06E2                       l752 06C7  
                     l656 06A3                       l664 06AC                       l746 0720  
                     l738 06EE                       l754 06CC                       l770 0791  
                     l756 06D4                       l748 06B0                       l780 07BF  
                     l772 079E                       l764 0788                       l758 06DD  
                     l790 07E9                       l782 07CD                       l774 07A3  
                     l766 078C                       l784 07D2                       l776 07AC  
                     l768 078D                       l786 07DB                       l778 07BA  
                     l788 07E4                       u110 0732                       u111 0731  
                     u130 0746                       u131 0745                       u125 0737  
                     u150 0761                       u151 0760                       u207 07F1  
                     u145 0748                       u170 077F                       u171 077E  
                     u155 075D                       u180 0701                       u165 0771  
                     u185 06FC                       u197 07C7                      _main 0788  
                    btemp 007E                      start 0000          ?_I2C_Master_Init 0020  
        ?_I2C_Master_Read 0070          ?_I2C_Master_Wait 0070          ?_I2C_Master_Stop 0070  
                   ?_main 0070           __end_of___lldiv 0788                     _PORTB 0006  
                   _PORTD 0008                     _TRISB 0086                     _TRISD 0088  
                   status 0003                     wtemp0 007E           __initialization 07FC  
            __end_of_main 07FC                    ??_main 0028         ?_I2C_Master_Start 0070  
       ?_I2C_Master_Write 0070        ??_I2C_Master_Start 0070        ??_I2C_Master_Write 0072  
                  _SSPADD 0093                    _SSPCON 0014                    _SSPBUF 0013  
               ??___lldiv 0078   __end_of__initialization 07FC            __pcstackCOMMON 0070  
              __pmaintext 0788                   _SSPCON2 0091                   _SSPSTAT 0094  
                 ___lldiv 0722                   __ptext1 06B0                   __ptext2 06A7  
                 __ptext3 069E                   __ptext4 06C7                   __ptext5 06BA  
                 __ptext6 06EA                   __ptext7 0722      end_of_initialization 07FC  
         ___lldiv@divisor 0070           ___lldiv@counter 007D                 _TRISCbits 0087  
     start_initialization 07FC         ??_I2C_Master_Init 0024         ??_I2C_Master_Read 0072  
       ??_I2C_Master_Wait 0070         ??_I2C_Master_Stop 0070                 ___latbits 0002  
           __pcstackBANK0 0020          _I2C_Master_Start 069E          _I2C_Master_Write 06B0  
                ?___lldiv 0070      I2C_Master_Write@data 0070       I2C_Master_Init@baud 0020  
     I2C_Master_Read@temp 0074           _I2C_Master_Init 06EA           _I2C_Master_Read 06C7  
         _I2C_Master_Wait 06BA           _I2C_Master_Stop 06A7  __end_of_I2C_Master_Start 06A7  
__end_of_I2C_Master_Write 06BA          ___lldiv@dividend 0074   __end_of_I2C_Master_Init 0722  
 __end_of_I2C_Master_Read 06EA   __end_of_I2C_Master_Wait 06C7   __end_of_I2C_Master_Stop 06B0  
        ___lldiv@quotient 0079               _SSPCON2bits 0091  
